-------------------------------------------------------------------------------
      name:  <unnamed>
       log:  E:\analyses\alex-tmp-repo-2\analysis\output/_kbadhoc_crosstabs_vs_
> smoke_bp.log
  log type:  text
 opened on:  25 Apr 2020, 10:01:01

. 
. foreach var of varlist agegroup male bmicat ethnic imd bpcat chronic_respirat
> ory_disease asthma chronic_cardiac_disease diabetes cancer_exhaem_lastyr haem
> malig_aanaem_bmtrans_lastyr chronic_liver_disease other_neuro stroke_dementia
>  organ_transplant spleen ra_sle_psoriasis {
  2. tab smoke `var', row col
  3. 
. }

+-------------------+
| Key               |
|-------------------|
|     frequency     |
|  row percentage   |
| column percentage |
+-------------------+

     Smoking |                 Grouped age
      status |    18-<40     40-<50     50-<60     60-<70 |     Total
-------------+--------------------------------------------+----------
       Never | 2,346,032    939,612    970,513    677,445 | 5,686,215 
             |     41.26      16.52      17.07      11.91 |    100.00 
             |     43.18      33.40      32.10      28.45 |     33.98 
-------------+--------------------------------------------+----------
      Former | 1,582,796  1,131,036  1,329,164  1,240,341 | 7,225,197 
             |     21.91      15.65      18.40      17.17 |    100.00 
             |     29.13      40.20      43.96      52.10 |     43.18 
-------------+--------------------------------------------+----------
     Current | 1,504,606    742,670    723,925    463,073 | 3,821,922 
             |     39.37      19.43      18.94      12.12 |    100.00 
             |     27.69      26.40      23.94      19.45 |     22.84 
-------------+--------------------------------------------+----------
       Total | 5,433,434  2,813,318  3,023,602  2,380,859 |16,733,334 
             |     32.47      16.81      18.07      14.23 |    100.00 
             |    100.00     100.00     100.00     100.00 |    100.00 


     Smoking |      Grouped age
      status |    70-<80        80+ |     Total
-------------+----------------------+----------
       Never |   461,265    291,348 | 5,686,215 
             |      8.11       5.12 |    100.00 
             |     23.76      25.54 |     33.98 
-------------+----------------------+----------
      Former | 1,201,963    739,897 | 7,225,197 
             |     16.64      10.24 |    100.00 
             |     61.92      64.85 |     43.18 
-------------+----------------------+----------
     Current |   277,934    109,714 | 3,821,922 
             |      7.27       2.87 |    100.00 
             |     14.32       9.62 |     22.84 
-------------+----------------------+----------
       Total | 1,941,162  1,140,959 |16,733,334 
             |     11.60       6.82 |    100.00 
             |    100.00     100.00 |    100.00 

+-------------------+
| Key               |
|-------------------|
|     frequency     |
|  row percentage   |
| column percentage |
+-------------------+

     Smoking |         Male
      status |         0          1 |     Total
-------------+----------------------+----------
       Never | 2,998,001  2,688,214 | 5,686,215 
             |     52.72      47.28 |    100.00 
             |     35.14      32.78 |     33.98 
-------------+----------------------+----------
      Former | 3,854,802  3,370,395 | 7,225,197 
             |     53.35      46.65 |    100.00 
             |     45.18      41.10 |     43.18 
-------------+----------------------+----------
     Current | 1,679,643  2,142,279 | 3,821,922 
             |     43.95      56.05 |    100.00 
             |     19.69      26.12 |     22.84 
-------------+----------------------+----------
       Total | 8,532,446  8,200,888 |16,733,334 
             |     50.99      49.01 |    100.00 
             |    100.00     100.00 |    100.00 

+-------------------+
| Key               |
|-------------------|
|     frequency     |
|  row percentage   |
| column percentage |
+-------------------+

     Smoking |                 Grouped BMI
      status | Underweig  Normal (1  Overweigh  Obese I ( |     Total
-------------+--------------------------------------------+----------
       Never |   113,857  1,680,615  1,435,653    665,796 | 4,270,882 
             |      2.67      39.35      33.61      15.59 |    100.00 
             |     37.16      35.17      30.48      27.77 |     31.44 
-------------+--------------------------------------------+----------
      Former |    95,473  1,976,349  2,320,612  1,250,519 | 6,376,787 
             |      1.50      30.99      36.39      19.61 |    100.00 
             |     31.16      41.36      49.26      52.15 |     46.94 
-------------+--------------------------------------------+----------
     Current |    97,032  1,121,608    954,628    481,569 | 2,937,735 
             |      3.30      38.18      32.50      16.39 |    100.00 
             |     31.67      23.47      20.26      20.08 |     21.62 
-------------+--------------------------------------------+----------
       Total |   306,362  4,778,572  4,710,893  2,397,884 |13,585,404 
             |      2.26      35.17      34.68      17.65 |    100.00 
             |    100.00     100.00     100.00     100.00 |    100.00 


     Smoking |      Grouped BMI
      status | Obese II   Obese III |     Total
-------------+----------------------+----------
       Never |   250,003    124,958 | 4,270,882 
             |      5.85       2.93 |    100.00 
             |     26.98      26.87 |     31.44 
-------------+----------------------+----------
      Former |   488,417    245,417 | 6,376,787 
             |      7.66       3.85 |    100.00 
             |     52.71      52.78 |     46.94 
-------------+----------------------+----------
     Current |   188,275     94,623 | 2,937,735 
             |      6.41       3.22 |    100.00 
             |     20.32      20.35 |     21.62 
-------------+----------------------+----------
       Total |   926,695    464,998 |13,585,404 
             |      6.82       3.42 |    100.00 
             |    100.00     100.00 |    100.00 

+-------------------+
| Key               |
|-------------------|
|     frequency     |
|  row percentage   |
| column percentage |
+-------------------+

     Smoking |                  Ethnicity
      status |     White  South Asi      Black      Other |     Total
-------------+--------------------------------------------+----------
       Never | 3,237,209     67,717    514,809    161,776 | 4,134,248 
             |     78.30       1.64      12.45       3.91 |    100.00 
             |     30.07      41.28      51.82      49.04 |     32.92 
-------------+--------------------------------------------+----------
      Former | 5,006,798     54,797    321,614    108,167 | 5,576,481 
             |     89.78       0.98       5.77       1.94 |    100.00 
             |     46.51      33.40      32.38      32.79 |     44.41 
-------------+--------------------------------------------+----------
     Current | 2,520,807     41,545    156,964     59,935 | 2,846,397 
             |     88.56       1.46       5.51       2.11 |    100.00 
             |     23.42      25.32      15.80      18.17 |     22.67 
-------------+--------------------------------------------+----------
       Total |10,764,814    164,059    993,387    329,878 |12,557,126 
             |     85.73       1.31       7.91       2.63 |    100.00 
             |    100.00     100.00     100.00     100.00 |    100.00 


     Smoking | Ethnicity
      status |     Mixed |     Total
-------------+-----------+----------
       Never |   152,737 | 4,134,248 
             |      3.69 |    100.00 
             |     50.08 |     32.92 
-------------+-----------+----------
      Former |    85,105 | 5,576,481 
             |      1.53 |    100.00 
             |     27.90 |     44.41 
-------------+-----------+----------
     Current |    67,146 | 2,846,397 
             |      2.36 |    100.00 
             |     22.02 |     22.67 
-------------+-----------+----------
       Total |   304,988 |12,557,126 
             |      2.43 |    100.00 
             |    100.00 |    100.00 

+-------------------+
| Key               |
|-------------------|
|     frequency     |
|  row percentage   |
| column percentage |
+-------------------+

     Smoking |     Index of Multiple Deprivation (IMD)
      status |         1          2          3          4 |     Total
-------------+--------------------------------------------+----------
       Never |   900,570  1,066,479  1,138,380  1,220,728 | 5,636,771 
             |     15.98      18.92      20.20      21.66 |    100.00 
             |     28.33      31.98      33.95      36.40 |     33.95 
-------------+--------------------------------------------+----------
      Former | 1,198,024  1,380,616  1,487,894  1,530,108 | 7,168,452 
             |     16.71      19.26      20.76      21.35 |    100.00 
             |     37.69      41.41      44.38      45.62 |     43.18 
-------------+--------------------------------------------+----------
     Current | 1,079,747    887,319    726,504    603,106 | 3,796,444 
             |     28.44      23.37      19.14      15.89 |    100.00 
             |     33.97      26.61      21.67      17.98 |     22.87 
-------------+--------------------------------------------+----------
       Total | 3,178,341  3,334,414  3,352,778  3,353,942 |16,601,667 
             |     19.14      20.08      20.20      20.20 |    100.00 
             |    100.00     100.00     100.00     100.00 |    100.00 


             |  Index of
             |  Multiple
             | Deprivatio
     Smoking |  n (IMD)
      status |         5 |     Total
-------------+-----------+----------
       Never | 1,310,614 | 5,636,771 
             |     23.25 |    100.00 
             |     38.75 |     33.95 
-------------+-----------+----------
      Former | 1,571,810 | 7,168,452 
             |     21.93 |    100.00 
             |     46.47 |     43.18 
-------------+-----------+----------
     Current |   499,768 | 3,796,444 
             |     13.16 |    100.00 
             |     14.78 |     22.87 
-------------+-----------+----------
       Total | 3,382,192 |16,601,667 
             |     20.37 |    100.00 
             |    100.00 |    100.00 

+-------------------+
| Key               |
|-------------------|
|     frequency     |
|  row percentage   |
| column percentage |
+-------------------+

     Smoking |           Grouped blood pressure
      status |    Normal   Elevated  High, sta  High, sta |     Total
-------------+--------------------------------------------+----------
       Never | 2,043,011    802,617  1,744,088  1,096,499 | 5,686,215 
             |     35.93      14.12      30.67      19.28 |    100.00 
             |     40.74      32.48      31.61      29.40 |     33.98 
-------------+--------------------------------------------+----------
      Former | 1,715,392  1,100,872  2,562,949  1,845,984 | 7,225,197 
             |     23.74      15.24      35.47      25.55 |    100.00 
             |     34.20      44.55      46.45      49.49 |     43.18 
-------------+--------------------------------------------+----------
     Current | 1,256,898    567,356  1,210,395    787,273 | 3,821,922 
             |     32.89      14.84      31.67      20.60 |    100.00 
             |     25.06      22.96      21.94      21.11 |     22.84 
-------------+--------------------------------------------+----------
       Total | 5,015,301  2,470,845  5,517,432  3,729,756 |16,733,334 
             |     29.97      14.77      32.97      22.29 |    100.00 
             |    100.00     100.00     100.00     100.00 |    100.00 

+-------------------+
| Key               |
|-------------------|
|     frequency     |
|  row percentage   |
| column percentage |
+-------------------+

             |  Respiratory disease
     Smoking |    (excl. asthma)
      status |         0          1 |     Total
-------------+----------------------+----------
       Never | 5,623,410     62,805 | 5,686,215 
             |     98.90       1.10 |    100.00 
             |     35.11       8.79 |     33.98 
-------------+----------------------+----------
      Former | 6,802,634    422,563 | 7,225,197 
             |     94.15       5.85 |    100.00 
             |     42.47      59.13 |     43.18 
-------------+----------------------+----------
     Current | 3,592,664    229,258 | 3,821,922 
             |     94.00       6.00 |    100.00 
             |     22.43      32.08 |     22.84 
-------------+----------------------+----------
       Total |16,018,708    714,626 |16,733,334 
             |     95.73       4.27 |    100.00 
             |    100.00     100.00 |    100.00 

+-------------------+
| Key               |
|-------------------|
|     frequency     |
|  row percentage   |
| column percentage |
+-------------------+

     Smoking |        Asthma
      status |         0          1 |     Total
-------------+----------------------+----------
       Never | 5,339,666    346,549 | 5,686,215 
             |     93.91       6.09 |    100.00 
             |     35.00      23.43 |     33.98 
-------------+----------------------+----------
      Former | 6,409,307    815,890 | 7,225,197 
             |     88.71      11.29 |    100.00 
             |     42.02      55.16 |     43.18 
-------------+----------------------+----------
     Current | 3,505,103    316,819 | 3,821,922 
             |     91.71       8.29 |    100.00 
             |     22.98      21.42 |     22.84 
-------------+----------------------+----------
       Total |15,254,076  1,479,258 |16,733,334 
             |     91.16       8.84 |    100.00 
             |    100.00     100.00 |    100.00 

+-------------------+
| Key               |
|-------------------|
|     frequency     |
|  row percentage   |
| column percentage |
+-------------------+

     Smoking |     Heart disease
      status |         0          1 |     Total
-------------+----------------------+----------
       Never | 5,468,676    217,539 | 5,686,215 
             |     96.17       3.83 |    100.00 
             |     35.15      18.49 |     33.98 
-------------+----------------------+----------
      Former | 6,476,550    748,647 | 7,225,197 
             |     89.64      10.36 |    100.00 
             |     41.63      63.63 |     43.18 
-------------+----------------------+----------
     Current | 3,611,602    210,320 | 3,821,922 
             |     94.50       5.50 |    100.00 
             |     23.22      17.88 |     22.84 
-------------+----------------------+----------
       Total |15,556,828  1,176,506 |16,733,334 
             |     92.97       7.03 |    100.00 
             |    100.00     100.00 |    100.00 

+-------------------+
| Key               |
|-------------------|
|     frequency     |
|  row percentage   |
| column percentage |
+-------------------+

     Smoking |       Diabetes
      status |         0          1 |     Total
-------------+----------------------+----------
       Never | 5,306,830    379,385 | 5,686,215 
             |     93.33       6.67 |    100.00 
             |     35.37      21.93 |     33.98 
-------------+----------------------+----------
      Former | 6,193,028  1,032,169 | 7,225,197 
             |     85.71      14.29 |    100.00 
             |     41.28      59.67 |     43.18 
-------------+----------------------+----------
     Current | 3,503,755    318,167 | 3,821,922 
             |     91.68       8.32 |    100.00 
             |     23.35      18.39 |     22.84 
-------------+----------------------+----------
       Total |15,003,613  1,729,721 |16,733,334 
             |     89.66      10.34 |    100.00 
             |    100.00     100.00 |    100.00 

+-------------------+
| Key               |
|-------------------|
|     frequency     |
|  row percentage   |
| column percentage |
+-------------------+

             |   Cancer other than
             |   haematological in
     Smoking |       last year
      status |         0          1 |     Total
-------------+----------------------+----------
       Never | 5,667,367     18,848 | 5,686,215 
             |     99.67       0.33 |    100.00 
             |     34.04      23.04 |     33.98 
-------------+----------------------+----------
      Former | 7,177,777     47,420 | 7,225,197 
             |     99.34       0.66 |    100.00 
             |     43.11      57.96 |     43.18 
-------------+----------------------+----------
     Current | 3,806,378     15,544 | 3,821,922 
             |     99.59       0.41 |    100.00 
             |     22.86      19.00 |     22.84 
-------------+----------------------+----------
       Total |16,651,522     81,812 |16,733,334 
             |     99.51       0.49 |    100.00 
             |    100.00     100.00 |    100.00 

+-------------------+
| Key               |
|-------------------|
|     frequency     |
|  row percentage   |
| column percentage |
+-------------------+

             | Haematol malignancy,
             |  aplastic anaemia or
             |      bone marrow
             |  transplant in last
     Smoking |         year
      status |         0          1 |     Total
-------------+----------------------+----------
       Never | 5,677,990      8,225 | 5,686,215 
             |     99.86       0.14 |    100.00 
             |     34.07      12.16 |     33.98 
-------------+----------------------+----------
      Former | 7,189,657     35,540 | 7,225,197 
             |     99.51       0.49 |    100.00 
             |     43.14      52.55 |     43.18 
-------------+----------------------+----------
     Current | 3,798,059     23,863 | 3,821,922 
             |     99.38       0.62 |    100.00 
             |     22.79      35.29 |     22.84 
-------------+----------------------+----------
       Total |16,665,706     67,628 |16,733,334 
             |     99.60       0.40 |    100.00 
             |    100.00     100.00 |    100.00 

+-------------------+
| Key               |
|-------------------|
|     frequency     |
|  row percentage   |
| column percentage |
+-------------------+

     Smoking | Chronic liver disease
      status |         0          1 |     Total
-------------+----------------------+----------
       Never | 5,663,711     22,504 | 5,686,215 
             |     99.60       0.40 |    100.00 
             |     34.08      19.71 |     33.98 
-------------+----------------------+----------
      Former | 7,169,737     55,460 | 7,225,197 
             |     99.23       0.77 |    100.00 
             |     43.14      48.56 |     43.18 
-------------+----------------------+----------
     Current | 3,785,684     36,238 | 3,821,922 
             |     99.05       0.95 |    100.00 
             |     22.78      31.73 |     22.84 
-------------+----------------------+----------
       Total |16,619,132    114,202 |16,733,334 
             |     99.32       0.68 |    100.00 
             |    100.00     100.00 |    100.00 

+-------------------+
| Key               |
|-------------------|
|     frequency     |
|  row percentage   |
| column percentage |
+-------------------+

             | Neuro condition other
     Smoking | than stroke/dementia
      status |         0          1 |     Total
-------------+----------------------+----------
       Never | 5,636,286     49,929 | 5,686,215 
             |     99.12       0.88 |    100.00 
             |     34.03      29.18 |     33.98 
-------------+----------------------+----------
      Former | 7,133,968     91,229 | 7,225,197 
             |     98.74       1.26 |    100.00 
             |     43.07      53.31 |     43.18 
-------------+----------------------+----------
     Current | 3,791,944     29,978 | 3,821,922 
             |     99.22       0.78 |    100.00 
             |     22.90      17.52 |     22.84 
-------------+----------------------+----------
       Total |16,562,198    171,136 |16,733,334 
             |     98.98       1.02 |    100.00 
             |    100.00     100.00 |    100.00 

+-------------------+
| Key               |
|-------------------|
|     frequency     |
|  row percentage   |
| column percentage |
+-------------------+

     Smoking |  Stroke or dementia
      status |         0          1 |     Total
-------------+----------------------+----------
       Never | 5,613,156     73,059 | 5,686,215 
             |     98.72       1.28 |    100.00 
             |     34.32      19.38 |     33.98 
-------------+----------------------+----------
      Former | 6,991,960    233,237 | 7,225,197 
             |     96.77       3.23 |    100.00 
             |     42.75      61.88 |     43.18 
-------------+----------------------+----------
     Current | 3,751,325     70,597 | 3,821,922 
             |     98.15       1.85 |    100.00 
             |     22.93      18.73 |     22.84 
-------------+----------------------+----------
       Total |16,356,441    376,893 |16,733,334 
             |     97.75       2.25 |    100.00 
             |    100.00     100.00 |    100.00 

+-------------------+
| Key               |
|-------------------|
|     frequency     |
|  row percentage   |
| column percentage |
+-------------------+

             |   Organ transplant
     Smoking |       recipient
      status |         0          1 |     Total
-------------+----------------------+----------
       Never | 5,680,308      5,907 | 5,686,215 
             |     99.90       0.10 |    100.00 
             |     33.99      29.38 |     33.98 
-------------+----------------------+----------
      Former | 7,214,152     11,045 | 7,225,197 
             |     99.85       0.15 |    100.00 
             |     43.16      54.94 |     43.18 
-------------+----------------------+----------
     Current | 3,818,770      3,152 | 3,821,922 
             |     99.92       0.08 |    100.00 
             |     22.85      15.68 |     22.84 
-------------+----------------------+----------
       Total |16,713,230     20,104 |16,733,334 
             |     99.88       0.12 |    100.00 
             |    100.00     100.00 |    100.00 

+-------------------+
| Key               |
|-------------------|
|     frequency     |
|  row percentage   |
| column percentage |
+-------------------+

             |    Spleen problems
             |  (dysplenia, sickle
     Smoking |         cell)
      status |         0          1 |     Total
-------------+----------------------+----------
       Never | 5,678,717      7,498 | 5,686,215 
             |     99.87       0.13 |    100.00 
             |     33.99      26.80 |     33.98 
-------------+----------------------+----------
      Former | 7,211,100     14,097 | 7,225,197 
             |     99.80       0.20 |    100.00 
             |     43.17      50.38 |     43.18 
-------------+----------------------+----------
     Current | 3,815,538      6,384 | 3,821,922 
             |     99.83       0.17 |    100.00 
             |     22.84      22.82 |     22.84 
-------------+----------------------+----------
       Total |16,705,355     27,979 |16,733,334 
             |     99.83       0.17 |    100.00 
             |    100.00     100.00 |    100.00 

+-------------------+
| Key               |
|-------------------|
|     frequency     |
|  row percentage   |
| column percentage |
+-------------------+

             |  RA, SLE, Psoriasis
     Smoking | (autoimmune disease)
      status |         0          1 |     Total
-------------+----------------------+----------
       Never | 5,477,153    209,062 | 5,686,215 
             |     96.32       3.68 |    100.00 
             |     34.55      23.80 |     33.98 
-------------+----------------------+----------
      Former | 6,769,259    455,938 | 7,225,197 
             |     93.69       6.31 |    100.00 
             |     42.70      51.90 |     43.18 
-------------+----------------------+----------
     Current | 3,608,442    213,480 | 3,821,922 
             |     94.41       5.59 |    100.00 
             |     22.76      24.30 |     22.84 
-------------+----------------------+----------
       Total |15,854,854    878,480 |16,733,334 
             |     94.75       5.25 |    100.00 
             |    100.00     100.00 |    100.00 

. 
. foreach var of varlist agegroup male bmicat ethnic smoke imd chronic_respirat
> ory_disease asthma chronic_cardiac_disease diabetes cancer_exhaem_lastyr haem
> malig_aanaem_bmtrans_lastyr chronic_liver_disease other_neuro stroke_dementia
>  organ_transplant spleen  ra_sle_psoriasis {
  2. tab bpcat `var', row col        
  3. 
. }
							***KB NOTE - BP MISSING (ABOUT 25%) HAS ENDED UP IN THE NORMAL CATEGORY - TO BE CORRECTED***
+-------------------+
| Key               |
|-------------------|
|     frequency     |
|  row percentage   |
| column percentage |
+-------------------+

 Grouped blood |                 Grouped age
      pressure |    18-<40     40-<50     50-<60     60-<70 |     Total
---------------+--------------------------------------------+----------
        Normal | 3,268,958    939,508    640,931    359,893 | 5,590,903 
               |     58.47      16.80      11.46       6.44 |    100.00 
               |     54.72      32.71      20.89      14.96 |     32.09 
---------------+--------------------------------------------+----------
      Elevated |   852,334    413,574    414,593    343,683 | 2,504,371 
               |     34.03      16.51      16.55      13.72 |    100.00 
               |     14.27      14.40      13.51      14.28 |     14.38 
---------------+--------------------------------------------+----------
 High, stage I | 1,372,924    991,480  1,181,634    928,346 | 5,569,836 
               |     24.65      17.80      21.21      16.67 |    100.00 
               |     22.98      34.52      38.52      38.58 |     31.97 
---------------+--------------------------------------------+----------
High, stage II |   479,816    527,368    830,754    774,293 | 3,755,722 
               |     12.78      14.04      22.12      20.62 |    100.00 
               |      8.03      18.36      27.08      32.18 |     21.56 
---------------+--------------------------------------------+----------
         Total | 5,974,032  2,871,930  3,067,912  2,406,215 |17,420,832 
               |     34.29      16.49      17.61      13.81 |    100.00 
               |    100.00     100.00     100.00     100.00 |    100.00 


 Grouped blood |      Grouped age
      pressure |    70-<80        80+ |     Total
---------------+----------------------+----------
        Normal |   227,996    153,617 | 5,590,903 
               |      4.08       2.75 |    100.00 
               |     11.68      13.37 |     32.09 
---------------+----------------------+----------
      Elevated |   301,426    178,761 | 2,504,371 
               |     12.04       7.14 |    100.00 
               |     15.44      15.56 |     14.38 
---------------+----------------------+----------
 High, stage I |   725,428    370,024 | 5,569,836 
               |     13.02       6.64 |    100.00 
               |     37.16      32.21 |     31.97 
---------------+----------------------+----------
High, stage II |   697,165    446,326 | 3,755,722 
               |     18.56      11.88 |    100.00 
               |     35.72      38.85 |     21.56 
---------------+----------------------+----------
         Total | 1,952,015  1,148,728 |17,420,832 
               |     11.21       6.59 |    100.00 
               |    100.00     100.00 |    100.00 

+-------------------+
| Key               |
|-------------------|
|     frequency     |
|  row percentage   |
| column percentage |
+-------------------+

 Grouped blood |         Male
      pressure |         0          1 |     Total
---------------+----------------------+----------
        Normal | 2,889,311  2,701,592 | 5,590,903 
               |     51.68      48.32 |    100.00 
               |     33.11      31.07 |     32.09 
---------------+----------------------+----------
      Elevated | 1,299,601  1,204,770 | 2,504,371 
               |     51.89      48.11 |    100.00 
               |     14.89      13.86 |     14.38 
---------------+----------------------+----------
 High, stage I | 2,782,264  2,787,572 | 5,569,836 
               |     49.95      50.05 |    100.00 
               |     31.88      32.06 |     31.97 
---------------+----------------------+----------
High, stage II | 1,755,803  1,999,919 | 3,755,722 
               |     46.75      53.25 |    100.00 
               |     20.12      23.00 |     21.56 
---------------+----------------------+----------
         Total | 8,726,979  8,693,853 |17,420,832 
               |     50.10      49.90 |    100.00 
               |    100.00     100.00 |    100.00 

+-------------------+
| Key               |
|-------------------|
|     frequency     |
|  row percentage   |
| column percentage |
+-------------------+

 Grouped blood |                 Grouped BMI
      pressure | Underweig  Normal (1  Overweigh  Obese I ( |     Total
---------------+--------------------------------------------+----------
        Normal |   168,498  1,859,647  1,079,241    394,298 | 3,685,840 
               |      4.57      50.45      29.28      10.70 |    100.00 
               |     53.66      38.65      22.83      16.39 |     26.99 
---------------+--------------------------------------------+----------
      Elevated |    42,691    797,074    747,983    334,874 | 2,095,567 
               |      2.04      38.04      35.69      15.98 |    100.00 
               |     13.59      16.57      15.82      13.92 |     15.35 
---------------+--------------------------------------------+----------
 High, stage I |    67,084  1,397,304  1,742,235    949,494 | 4,715,277 
               |      1.42      29.63      36.95      20.14 |    100.00 
               |     21.36      29.04      36.86      39.47 |     34.53 
---------------+--------------------------------------------+----------
High, stage II |    35,764    757,462  1,157,709    727,164 | 3,159,142 
               |      1.13      23.98      36.65      23.02 |    100.00 
               |     11.39      15.74      24.49      30.23 |     23.13 
---------------+--------------------------------------------+----------
         Total |   314,037  4,811,487  4,727,168  2,405,830 |13,655,826 
               |      2.30      35.23      34.62      17.62 |    100.00 
               |    100.00     100.00     100.00     100.00 |    100.00 


 Grouped blood |      Grouped BMI
      pressure | Obese II   Obese III |     Total
---------------+----------------------+----------
        Normal |   127,355     56,801 | 3,685,840 
               |      3.46       1.54 |    100.00 
               |     13.69      12.16 |     26.99 
---------------+----------------------+----------
      Elevated |   118,796     54,149 | 2,095,567 
               |      5.67       2.58 |    100.00 
               |     12.77      11.59 |     15.35 
---------------+----------------------+----------
 High, stage I |   372,865    186,295 | 4,715,277 
               |      7.91       3.95 |    100.00 
               |     40.08      39.88 |     34.53 
---------------+----------------------+----------
High, stage II |   311,195    169,848 | 3,159,142 
               |      9.85       5.38 |    100.00 
               |     33.45      36.36 |     23.13 
---------------+----------------------+----------
         Total |   930,211    467,093 |13,655,826 
               |      6.81       3.42 |    100.00 
               |    100.00     100.00 |    100.00 

+-------------------+
| Key               |
|-------------------|
|     frequency     |
|  row percentage   |
| column percentage |
+-------------------+

 Grouped blood |                  Ethnicity
      pressure |     White  South Asi      Black      Other |     Total
---------------+--------------------------------------------+----------
        Normal | 3,175,813     75,149    432,491    124,485 | 3,980,094 
               |     79.79       1.89      10.87       3.13 |    100.00 
               |     28.97      44.02      42.04      36.37 |     31.04 
---------------+--------------------------------------------+----------
      Elevated | 1,643,995     23,470    139,714     46,502 | 1,891,105 
               |     86.93       1.24       7.39       2.46 |    100.00 
               |     15.00      13.75      13.58      13.59 |     14.75 
---------------+--------------------------------------------+----------
 High, stage I | 3,670,570     47,758    309,782    105,220 | 4,209,393 
               |     87.20       1.13       7.36       2.50 |    100.00 
               |     33.49      27.97      30.11      30.74 |     32.82 
---------------+--------------------------------------------+----------
High, stage II | 2,470,674     24,352    146,826     66,032 | 2,743,156 
               |     90.07       0.89       5.35       2.41 |    100.00 
               |     22.54      14.26      14.27      19.29 |     21.39 
---------------+--------------------------------------------+----------
         Total |10,961,052    170,729  1,028,813    342,239 |12,823,748 
               |     85.47       1.33       8.02       2.67 |    100.00 
               |    100.00     100.00     100.00     100.00 |    100.00 


 Grouped blood | Ethnicity
      pressure |     Mixed |     Total
---------------+-----------+----------
        Normal |   172,156 | 3,980,094 
               |      4.33 |    100.00 
               |     53.65 |     31.04 
---------------+-----------+----------
      Elevated |    37,424 | 1,891,105 
               |      1.98 |    100.00 
               |     11.66 |     14.75 
---------------+-----------+----------
 High, stage I |    76,063 | 4,209,393 
               |      1.81 |    100.00 
               |     23.70 |     32.82 
---------------+-----------+----------
High, stage II |    35,272 | 2,743,156 
               |      1.29 |    100.00 
               |     10.99 |     21.39 
---------------+-----------+----------
         Total |   320,915 |12,823,748 
               |      2.50 |    100.00 
               |    100.00 |    100.00 

+-------------------+
| Key               |
|-------------------|
|     frequency     |
|  row percentage   |
| column percentage |
+-------------------+

 Grouped blood |          Smoking status
      pressure |     Never     Former    Current |     Total
---------------+---------------------------------+----------
        Normal | 2,043,011  1,715,392  1,256,898 | 5,015,301 
               |     40.74      34.20      25.06 |    100.00 
               |     35.93      23.74      32.89 |     29.97 
---------------+---------------------------------+----------
      Elevated |   802,617  1,100,872    567,356 | 2,470,845 
               |     32.48      44.55      22.96 |    100.00 
               |     14.12      15.24      14.84 |     14.77 
---------------+---------------------------------+----------
 High, stage I | 1,744,088  2,562,949  1,210,395 | 5,517,432 
               |     31.61      46.45      21.94 |    100.00 
               |     30.67      35.47      31.67 |     32.97 
---------------+---------------------------------+----------
High, stage II | 1,096,499  1,845,984    787,273 | 3,729,756 
               |     29.40      49.49      21.11 |    100.00 
               |     19.28      25.55      20.60 |     22.29 
---------------+---------------------------------+----------
         Total | 5,686,215  7,225,197  3,821,922 |16,733,334 
               |     33.98      43.18      22.84 |    100.00 
               |    100.00     100.00     100.00 |    100.00 

+-------------------+
| Key               |
|-------------------|
|     frequency     |
|  row percentage   |
| column percentage |
+-------------------+

 Grouped blood |     Index of Multiple Deprivation (IMD)
      pressure |         1          2          3          4 |     Total
---------------+--------------------------------------------+----------
        Normal | 1,166,429  1,163,211  1,100,582  1,066,494 | 5,540,231 
               |     21.05      21.00      19.87      19.25 |    100.00 
               |     34.89      33.43      31.60      30.66 |     32.05 
---------------+--------------------------------------------+----------
      Elevated |   474,080    495,031    499,998    504,756 | 2,483,938 
               |     19.09      19.93      20.13      20.32 |    100.00 
               |     14.18      14.23      14.35      14.51 |     14.37 
---------------+--------------------------------------------+----------
 High, stage I | 1,032,998  1,093,960  1,116,079  1,129,937 | 5,528,122 
               |     18.69      19.79      20.19      20.44 |    100.00 
               |     30.90      31.44      32.04      32.48 |     31.98 
---------------+--------------------------------------------+----------
High, stage II |   669,256    727,040    766,625    777,417 | 3,732,998 
               |     17.93      19.48      20.54      20.83 |    100.00 
               |     20.02      20.90      22.01      22.35 |     21.60 
---------------+--------------------------------------------+----------
         Total | 3,342,763  3,479,242  3,483,284  3,478,604 |17,285,289 
               |     19.34      20.13      20.15      20.12 |    100.00 
               |    100.00     100.00     100.00     100.00 |    100.00 


               |  Index of
               |  Multiple
               | Deprivatio
 Grouped blood |  n (IMD)
      pressure |         5 |     Total
---------------+-----------+----------
        Normal | 1,043,515 | 5,540,231 
               |     18.84 |    100.00 
               |     29.80 |     32.05 
---------------+-----------+----------
      Elevated |   510,073 | 2,483,938 
               |     20.53 |    100.00 
               |     14.57 |     14.37 
---------------+-----------+----------
 High, stage I | 1,155,148 | 5,528,122 
               |     20.90 |    100.00 
               |     32.99 |     31.98 
---------------+-----------+----------
High, stage II |   792,660 | 3,732,998 
               |     21.23 |    100.00 
               |     22.64 |     21.60 
---------------+-----------+----------
         Total | 3,501,396 |17,285,289 
               |     20.26 |    100.00 
               |    100.00 |    100.00 

+-------------------+
| Key               |
|-------------------|
|     frequency     |
|  row percentage   |
| column percentage |
+-------------------+

               |  Respiratory disease
 Grouped blood |    (excl. asthma)
      pressure |         0          1 |     Total
---------------+----------------------+----------
        Normal | 5,464,619    126,284 | 5,590,903 
               |     97.74       2.26 |    100.00 
               |     32.71      17.65 |     32.09 
---------------+----------------------+----------
      Elevated | 2,390,367    114,004 | 2,504,371 
               |     95.45       4.55 |    100.00 
               |     14.31      15.93 |     14.38 
---------------+----------------------+----------
 High, stage I | 5,317,597    252,239 | 5,569,836 
               |     95.47       4.53 |    100.00 
               |     31.83      35.25 |     31.97 
---------------+----------------------+----------
High, stage II | 3,532,710    223,012 | 3,755,722 
               |     94.06       5.94 |    100.00 
               |     21.15      31.17 |     21.56 
---------------+----------------------+----------
         Total |16,705,293    715,539 |17,420,832 
               |     95.89       4.11 |    100.00 
               |    100.00     100.00 |    100.00 

+-------------------+
| Key               |
|-------------------|
|     frequency     |
|  row percentage   |
| column percentage |
+-------------------+

 Grouped blood |        Asthma
      pressure |         0          1 |     Total
---------------+----------------------+----------
        Normal | 5,225,715    365,188 | 5,590,903 
               |     93.47       6.53 |    100.00 
               |     32.78      24.65 |     32.09 
---------------+----------------------+----------
      Elevated | 2,276,272    228,099 | 2,504,371 
               |     90.89       9.11 |    100.00 
               |     14.28      15.40 |     14.38 
---------------+----------------------+----------
 High, stage I | 5,041,951    527,885 | 5,569,836 
               |     90.52       9.48 |    100.00 
               |     31.63      35.64 |     31.97 
---------------+----------------------+----------
High, stage II | 3,395,544    360,178 | 3,755,722 
               |     90.41       9.59 |    100.00 
               |     21.30      24.31 |     21.56 
---------------+----------------------+----------
         Total |15,939,482  1,481,350 |17,420,832 
               |     91.50       8.50 |    100.00 
               |    100.00     100.00 |    100.00 

+-------------------+
| Key               |
|-------------------|
|     frequency     |
|  row percentage   |
| column percentage |
+-------------------+

 Grouped blood |     Heart disease
      pressure |         0          1 |     Total
---------------+----------------------+----------
        Normal | 5,366,183    224,720 | 5,590,903 
               |     95.98       4.02 |    100.00 
               |     33.04      19.04 |     32.09 
---------------+----------------------+----------
      Elevated | 2,301,133    203,238 | 2,504,371 
               |     91.88       8.12 |    100.00 
               |     14.17      17.22 |     14.38 
---------------+----------------------+----------
 High, stage I | 5,162,325    407,511 | 5,569,836 
               |     92.68       7.32 |    100.00 
               |     31.79      34.52 |     31.97 
---------------+----------------------+----------
High, stage II | 3,410,812    344,910 | 3,755,722 
               |     90.82       9.18 |    100.00 
               |     21.00      29.22 |     21.56 
---------------+----------------------+----------
         Total |16,240,453  1,180,379 |17,420,832 
               |     93.22       6.78 |    100.00 
               |    100.00     100.00 |    100.00 

+-------------------+
| Key               |
|-------------------|
|     frequency     |
|  row percentage   |
| column percentage |
+-------------------+

 Grouped blood |       Diabetes
      pressure |         0          1 |     Total
---------------+----------------------+----------
        Normal | 5,336,582    254,321 | 5,590,903 
               |     95.45       4.55 |    100.00 
               |     34.02      14.68 |     32.09 
---------------+----------------------+----------
      Elevated | 2,220,239    284,132 | 2,504,371 
               |     88.65      11.35 |    100.00 
               |     14.15      16.40 |     14.38 
---------------+----------------------+----------
 High, stage I | 4,894,932    674,904 | 5,569,836 
               |     87.88      12.12 |    100.00 
               |     31.20      38.96 |     31.97 
---------------+----------------------+----------
High, stage II | 3,236,980    518,742 | 3,755,722 
               |     86.19      13.81 |    100.00 
               |     20.63      29.95 |     21.56 
---------------+----------------------+----------
         Total |15,688,733  1,732,099 |17,420,832 
               |     90.06       9.94 |    100.00 
               |    100.00     100.00 |    100.00 

+-------------------+
| Key               |
|-------------------|
|     frequency     |
|  row percentage   |
| column percentage |
+-------------------+

               |   Cancer other than
               |   haematological in
 Grouped blood |       last year
      pressure |         0          1 |     Total
---------------+----------------------+----------
        Normal | 5,576,460     14,443 | 5,590,903 
               |     99.74       0.26 |    100.00 
               |     32.16      17.59 |     32.09 
---------------+----------------------+----------
      Elevated | 2,491,896     12,475 | 2,504,371 
               |     99.50       0.50 |    100.00 
               |     14.37      15.19 |     14.38 
---------------+----------------------+----------
 High, stage I | 5,540,929     28,907 | 5,569,836 
               |     99.48       0.52 |    100.00 
               |     31.96      35.20 |     31.97 
---------------+----------------------+----------
High, stage II | 3,729,429     26,293 | 3,755,722 
               |     99.30       0.70 |    100.00 
               |     21.51      32.02 |     21.56 
---------------+----------------------+----------
         Total |17,338,714     82,118 |17,420,832 
               |     99.53       0.47 |    100.00 
               |    100.00     100.00 |    100.00 

+-------------------+
| Key               |
|-------------------|
|     frequency     |
|  row percentage   |
| column percentage |
+-------------------+

               | Haematol malignancy,
               |  aplastic anaemia or
               |      bone marrow
               |  transplant in last
 Grouped blood |         year
      pressure |         0          1 |     Total
---------------+----------------------+----------
        Normal | 5,578,258     12,645 | 5,590,903 
               |     99.77       0.23 |    100.00 
               |     32.15      18.65 |     32.09 
---------------+----------------------+----------
      Elevated | 2,493,985     10,386 | 2,504,371 
               |     99.59       0.41 |    100.00 
               |     14.37      15.32 |     14.38 
---------------+----------------------+----------
 High, stage I | 5,546,068     23,768 | 5,569,836 
               |     99.57       0.43 |    100.00 
               |     31.96      35.06 |     31.97 
---------------+----------------------+----------
High, stage II | 3,734,720     21,002 | 3,755,722 
               |     99.44       0.56 |    100.00 
               |     21.52      30.98 |     21.56 
---------------+----------------------+----------
         Total |17,353,031     67,801 |17,420,832 
               |     99.61       0.39 |    100.00 
               |    100.00     100.00 |    100.00 

+-------------------+
| Key               |
|-------------------|
|     frequency     |
|  row percentage   |
| column percentage |
+-------------------+

 Grouped blood | Chronic liver disease
      pressure |         0          1 |     Total
---------------+----------------------+----------
        Normal | 5,567,100     23,803 | 5,590,903 
               |     99.57       0.43 |    100.00 
               |     32.17      20.74 |     32.09 
---------------+----------------------+----------
      Elevated | 2,487,455     16,916 | 2,504,371 
               |     99.32       0.68 |    100.00 
               |     14.37      14.74 |     14.38 
---------------+----------------------+----------
 High, stage I | 5,529,372     40,464 | 5,569,836 
               |     99.27       0.73 |    100.00 
               |     31.95      35.25 |     31.97 
---------------+----------------------+----------
High, stage II | 3,722,109     33,613 | 3,755,722 
               |     99.11       0.89 |    100.00 
               |     21.51      29.28 |     21.56 
---------------+----------------------+----------
         Total |17,306,036    114,796 |17,420,832 
               |     99.34       0.66 |    100.00 
               |    100.00     100.00 |    100.00 

+-------------------+
| Key               |
|-------------------|
|     frequency     |
|  row percentage   |
| column percentage |
+-------------------+

               | Neuro condition other
 Grouped blood | than stroke/dementia
      pressure |         0          1 |     Total
---------------+----------------------+----------
        Normal | 5,546,215     44,688 | 5,590,903 
               |     99.20       0.80 |    100.00 
               |     32.16      25.84 |     32.09 
---------------+----------------------+----------
      Elevated | 2,477,267     27,104 | 2,504,371 
               |     98.92       1.08 |    100.00 
               |     14.36      15.67 |     14.38 
---------------+----------------------+----------
 High, stage I | 5,511,754     58,082 | 5,569,836 
               |     98.96       1.04 |    100.00 
               |     31.96      33.59 |     31.97 
---------------+----------------------+----------
High, stage II | 3,712,662     43,060 | 3,755,722 
               |     98.85       1.15 |    100.00 
               |     21.53      24.90 |     21.56 
---------------+----------------------+----------
         Total |17,247,898    172,934 |17,420,832 
               |     99.01       0.99 |    100.00 
               |    100.00     100.00 |    100.00 

+-------------------+
| Key               |
|-------------------|
|     frequency     |
|  row percentage   |
| column percentage |
+-------------------+

 Grouped blood |  Stroke or dementia
      pressure |         0          1 |     Total
---------------+----------------------+----------
        Normal | 5,526,662     64,241 | 5,590,903 
               |     98.85       1.15 |    100.00 
               |     32.43      17.01 |     32.09 
---------------+----------------------+----------
      Elevated | 2,442,011     62,360 | 2,504,371 
               |     97.51       2.49 |    100.00 
               |     14.33      16.51 |     14.38 
---------------+----------------------+----------
 High, stage I | 5,436,709    133,127 | 5,569,836 
               |     97.61       2.39 |    100.00 
               |     31.90      35.26 |     31.97 
---------------+----------------------+----------
High, stage II | 3,637,849    117,873 | 3,755,722 
               |     96.86       3.14 |    100.00 
               |     21.34      31.22 |     21.56 
---------------+----------------------+----------
         Total |17,043,231    377,601 |17,420,832 
               |     97.83       2.17 |    100.00 
               |    100.00     100.00 |    100.00 

+-------------------+
| Key               |
|-------------------|
|     frequency     |
|  row percentage   |
| column percentage |
+-------------------+

               |   Organ transplant
 Grouped blood |       recipient
      pressure |         0          1 |     Total
---------------+----------------------+----------
        Normal | 5,587,278      3,625 | 5,590,903 
               |     99.94       0.06 |    100.00 
               |     32.11      17.94 |     32.09 
---------------+----------------------+----------
      Elevated | 2,501,396      2,975 | 2,504,371 
               |     99.88       0.12 |    100.00 
               |     14.38      14.72 |     14.38 
---------------+----------------------+----------
 High, stage I | 5,562,520      7,316 | 5,569,836 
               |     99.87       0.13 |    100.00 
               |     31.97      36.20 |     31.97 
---------------+----------------------+----------
High, stage II | 3,749,428      6,294 | 3,755,722 
               |     99.83       0.17 |    100.00 
               |     21.55      31.14 |     21.56 
---------------+----------------------+----------
         Total |17,400,622     20,210 |17,420,832 
               |     99.88       0.12 |    100.00 
               |    100.00     100.00 |    100.00 

+-------------------+
| Key               |
|-------------------|
|     frequency     |
|  row percentage   |
| column percentage |
+-------------------+

               |    Spleen problems
               |  (dysplenia, sickle
 Grouped blood |         cell)
      pressure |         0          1 |     Total
---------------+----------------------+----------
        Normal | 5,584,033      6,870 | 5,590,903 
               |     99.88       0.12 |    100.00 
               |     32.11      24.31 |     32.09 
---------------+----------------------+----------
      Elevated | 2,499,931      4,440 | 2,504,371 
               |     99.82       0.18 |    100.00 
               |     14.37      15.71 |     14.38 
---------------+----------------------+----------
 High, stage I | 5,560,241      9,595 | 5,569,836 
               |     99.83       0.17 |    100.00 
               |     31.97      33.95 |     31.97 
---------------+----------------------+----------
High, stage II | 3,748,366      7,356 | 3,755,722 
               |     99.80       0.20 |    100.00 
               |     21.55      26.03 |     21.56 
---------------+----------------------+----------
         Total |17,392,571     28,261 |17,420,832 
               |     99.84       0.16 |    100.00 
               |    100.00     100.00 |    100.00 

+-------------------+
| Key               |
|-------------------|
|     frequency     |
|  row percentage   |
| column percentage |
+-------------------+

               |  RA, SLE, Psoriasis
 Grouped blood | (autoimmune disease)
      pressure |         0          1 |     Total
---------------+----------------------+----------
        Normal | 5,388,559    202,344 | 5,590,903 
               |     96.38       3.62 |    100.00 
               |     32.59      22.83 |     32.09 
---------------+----------------------+----------
      Elevated | 2,371,508    132,863 | 2,504,371 
               |     94.69       5.31 |    100.00 
               |     14.34      14.99 |     14.38 
---------------+----------------------+----------
 High, stage I | 5,256,008    313,828 | 5,569,836 
               |     94.37       5.63 |    100.00 
               |     31.79      35.41 |     31.97 
---------------+----------------------+----------
High, stage II | 3,518,419    237,303 | 3,755,722 
               |     93.68       6.32 |    100.00 
               |     21.28      26.77 |     21.56 
---------------+----------------------+----------
         Total |16,534,494    886,338 |17,420,832 
               |     94.91       5.09 |    100.00 
               |    100.00     100.00 |    100.00 

. 
. log close
      name:  <unnamed>
       log:  E:\analyses\alex-tmp-repo-2\analysis\output/_kbadhoc_crosstabs_vs_
> smoke_bp.log
  log type:  text
 closed on:  25 Apr 2020, 10:02:34
-------------------------------------------------------------------------------
