--------------------------------------------------------------------------------------------------------
      name:  <unnamed>
       log:  E:\analyses\alex-tmp-repo-2\analysis\output/an_checks.log
  log type:  text
 opened on:  24 Apr 2020, 06:59:36

. 
. * Open Stata dataset
. use egdata, clear
(Poor factors dummy analysis dataset)

. 
. 
. 
. ******************************************
. *  Check variables take expected values  *
. ******************************************
. 
. * Age
. datacheck age<., nol

. *assert inrange(age, 18, 105)
. datacheck inlist(agegroup, 1, 2, 3, 4, 5, 6), nol

. datacheck inlist(age70, 0, 1), nol

. 
. * Sex
. datacheck inlist(male, 0, 1), nol

. 
. * BMI 
. * assert inrange(bmi, 10, 200) | bmi==.
. datacheck inlist(obese40, 0, 1), nol

. datacheck inlist(bmicat, 1, 2, 3, 4, 5, 6, .u), nol

. 
. * IMD
. datacheck inlist(imd, 1, 2, 3, 4, 5, .u), nol

. 
. * Ethnicity
. datacheck inlist(ethnicity, 1, 2, 3, 4, 5, .u), nol

 (4597084 contradictions) 						**KB NOTE - I CHECKED THESE, MISSING IS CODED AS . RATHER THAN .u, OTHERWISE FINE**

. 
. * Smoking
. datacheck inlist(smoke, 1, 2, 3, .u), nol

. datacheck inlist(currentsmoke, 0, 1), nol

. 
. * Blood pressure
. datacheck inlist(bpcat, 1, 2, 3, 4, .u), nol

. 
. 
. 
. 
. 
. ***************************************
. *  Cross-check logical relationships  *
. ***************************************
. 
. 
. * BMI
. bysort bmicat: summ bmi

--------------------------------------------------------------------------------------------------------
-> bmicat = Underweight (<18.5)

    Variable |        Obs        Mean    Std. Dev.       Min        Max
-------------+---------------------------------------------------------
         bmi |    314,037    17.42141    .8303257         15       18.4

--------------------------------------------------------------------------------------------------------
-> bmicat = Normal (18.5-24.9)

    Variable |        Obs        Mean    Std. Dev.       Min        Max
-------------+---------------------------------------------------------
         bmi |  4,811,487      22.371    1.711703       18.5       24.9

--------------------------------------------------------------------------------------------------------
-> bmicat = Overweight (25-29.9)

    Variable |        Obs        Mean    Std. Dev.       Min        Max
-------------+---------------------------------------------------------
         bmi |  4,727,168    27.27527    1.413876         25       29.9

--------------------------------------------------------------------------------------------------------
-> bmicat = Obese I (30-34.9)

    Variable |        Obs        Mean    Std. Dev.       Min        Max
-------------+---------------------------------------------------------
         bmi |  2,405,830    32.08339    1.416569         30       34.9

--------------------------------------------------------------------------------------------------------
-> bmicat = Obese II (35-39.9)

    Variable |        Obs        Mean    Std. Dev.       Min        Max
-------------+---------------------------------------------------------
         bmi |    930,211    37.05077    1.405931         35       39.9

--------------------------------------------------------------------------------------------------------
-> bmicat = Obese III (40+)

    Variable |        Obs        Mean    Std. Dev.       Min        Max
-------------+---------------------------------------------------------
         bmi |    467,093    43.38459    2.637093         40         50

--------------------------------------------------------------------------------------------------------
-> bmicat = Unknown (.u)

    Variable |        Obs        Mean    Std. Dev.       Min        Max
-------------+---------------------------------------------------------
         bmi |          0


. tab bmicat obese40, m

                     |  Severely obese (cat
                     |          3)
         Grouped BMI |         0          1 |     Total
---------------------+----------------------+----------
 Underweight (<18.5) |   314,037          0 |   314,037 
  Normal (18.5-24.9) | 4,811,487          0 | 4,811,487 
Overweight (25-29.9) | 4,727,168          0 | 4,727,168 
   Obese I (30-34.9) | 2,405,830          0 | 2,405,830 
  Obese II (35-39.9) |   930,211          0 |   930,211 
     Obese III (40+) |         0    467,093 |   467,093 
        Unknown (.u) | 3,765,006          0 | 3,765,006 
---------------------+----------------------+----------
               Total |16,953,739    467,093 |17,420,832 

. 
. * Age
. bysort agegroup: summ age

--------------------------------------------------------------------------------------------------------
-> agegroup = 18-<40

    Variable |        Obs        Mean    Std. Dev.       Min        Max
-------------+---------------------------------------------------------
         age |  5,974,032    29.19196    6.204236         18         39

--------------------------------------------------------------------------------------------------------
-> agegroup = 40-<50

    Variable |        Obs        Mean    Std. Dev.       Min        Max
-------------+---------------------------------------------------------
         age |  2,871,930    44.59323     2.92362         40         49

--------------------------------------------------------------------------------------------------------
-> agegroup = 50-<60

    Variable |        Obs        Mean    Std. Dev.       Min        Max
-------------+---------------------------------------------------------
         age |  3,067,912    54.42904    2.843634         50         59

--------------------------------------------------------------------------------------------------------
-> agegroup = 60-<70

    Variable |        Obs        Mean    Std. Dev.       Min        Max
-------------+---------------------------------------------------------
         age |  2,406,215    64.29783    2.885152         60         69

--------------------------------------------------------------------------------------------------------
-> agegroup = 70-<80

    Variable |        Obs        Mean    Std. Dev.       Min        Max
-------------+---------------------------------------------------------
         age |  1,952,015    73.95627    2.759343         70         79

--------------------------------------------------------------------------------------------------------
-> agegroup = 80+

    Variable |        Obs        Mean    Std. Dev.       Min        Max
-------------+---------------------------------------------------------
         age |  1,148,728    85.33974    4.450272         80        105


. tab agegroup age70, m

   Grouped |  70 years and older
       age |         0          1 |     Total
-----------+----------------------+----------
    18-<40 | 5,974,032          0 | 5,974,032 
    40-<50 | 2,871,930          0 | 2,871,930 
    50-<60 | 3,067,912          0 | 3,067,912 
    60-<70 | 2,406,215          0 | 2,406,215 
    70-<80 |         0  1,952,015 | 1,952,015 
       80+ |         0  1,148,728 | 1,148,728 
-----------+----------------------+----------
     Total |14,320,089  3,100,743 |17,420,832 

. 
. * Smoking
. tab smoke currentsmoke, m

     Smoking |    Current smoker
      status |         0          1 |     Total
-------------+----------------------+----------
       Never | 5,686,215          0 | 5,686,215 
      Former | 7,225,197          0 | 7,225,197 
     Current |         0  3,821,922 | 3,821,922 
Unknown (.u) |   687,498          0 |   687,498 
-------------+----------------------+----------
       Total |13,598,910  3,821,922 |17,420,832 

. 
. * Blood pressure
. tab bpcat bphigh, m

               |  Binary high (stage
 Grouped blood |  1/2) blood pressure
      pressure |         0          1 |     Total
---------------+----------------------+----------
        Normal | 5,590,903          0 | 5,590,903 
      Elevated | 2,504,371          0 | 2,504,371 
 High, stage I |         0  5,569,836 | 5,569,836 
High, stage II |         0  3,755,722 | 3,755,722 
---------------+----------------------+----------
         Total | 8,095,274  9,325,558 |17,420,832 

. 
. 
. 
. *********************
. *  Summarise dates  *
. *********************
. 
. * BMI
. *summ bmi_date_measured, format
. /*
> * Dates of comorbidities  
> foreach var of varlist  chronic_respiratory_disease     ///
>                                                 chronic_cardiac_disease                 ///
>                                                 diabetes                                              
>   ///
>                                                 chronic_liver_disease                   ///
>                                                 organ_transplant                                ///   
>   
>                                                 ra_sle_psoriasis  {
> 
>         summ `var'_date, format
>         bysort `var': summ `var'_date
> }
> */
. 
. 
. * Outcome dates
. *****??? 
. summ stime_ituadmission stime_cpnsdeath stime_onscoviddeath,   format

    Variable |        Obs        Mean    Std. Dev.       Min        Max
-------------+---------------------------------------------------------
stime_itua~n | 17,420,832   19apr2020    2.165915  28jan2020  20apr2020
stime_cpns~h | 17,420,832   15apr2020    2.008294  01feb2020  16apr2020
stime_onsc~h | 17,420,832   05apr2020    1.624302  01feb2020  06apr2020

. summ itu_date died_date_ons died_date_cpns died_date_onscovid, format

    Variable |        Obs        Mean    Std. Dev.       Min        Max
-------------+---------------------------------------------------------
    itu_date |      1,098   30mar2020    8.008945  28jan2020  18apr2020
died_dat~ons |     30,253   02mar2020    17.74144  01feb2020  06apr2020
died_dat~pns |      4,009   05apr2020    6.814111  28feb2020  16apr2020
died_date_~d |      1,152   27mar2020    4.601304  02mar2020  06apr2020

. 
. 
. 
. 
. 
. ****************************************
. *  Cross-check expected relationships  *
. ****************************************
. 
. 
. /*  Relationships between demographic/lifestyle variables  */
. 
. tab agegroup bmicat,    col

+-------------------+
| Key               |
|-------------------|
|     frequency     |
| column percentage |
+-------------------+

   Grouped |                            Grouped BMI
       age | Underweig  Normal (1  Overweigh  Obese I (  Obese II   Obese III |     Total
-----------+------------------------------------------------------------------+----------
    18-<40 |   173,015  1,860,458  1,079,764    492,213    215,244    126,562 | 3,947,256 
           |     55.09      38.67      22.84      20.46      23.14      27.10 |     28.91 
-----------+------------------------------------------------------------------+----------
    40-<50 |    29,776    759,315    793,287    400,737    161,950     88,448 | 2,233,513 
           |      9.48      15.78      16.78      16.66      17.41      18.94 |     16.36 
-----------+------------------------------------------------------------------+----------
    50-<60 |    24,987    707,175    947,111    535,493    215,517    111,519 | 2,541,802 
           |      7.96      14.70      20.04      22.26      23.17      23.88 |     18.61 
-----------+------------------------------------------------------------------+----------
    60-<70 |    24,902    576,527    804,724    452,343    172,651     80,573 | 2,111,720 
           |      7.93      11.98      17.02      18.80      18.56      17.25 |     15.46 
-----------+------------------------------------------------------------------+----------
    70-<80 |    26,493    519,126    711,604    363,526    121,421     47,510 | 1,789,680 
           |      8.44      10.79      15.05      15.11      13.05      10.17 |     13.11 
-----------+------------------------------------------------------------------+----------
       80+ |    34,864    388,886    390,678    161,518     43,428     12,481 | 1,031,855 
           |     11.10       8.08       8.26       6.71       4.67       2.67 |      7.56 
-----------+------------------------------------------------------------------+----------
     Total |   314,037  4,811,487  4,727,168  2,405,830    930,211    467,093 |13,655,826 
           |    100.00     100.00     100.00     100.00     100.00     100.00 |    100.00 

. tab agegroup smoke,     col

+-------------------+
| Key               |
|-------------------|
|     frequency     |
| column percentage |
+-------------------+

   Grouped |          Smoking status
       age |     Never     Former    Current |     Total
-----------+---------------------------------+----------
    18-<40 | 2,346,032  1,582,796  1,504,606 | 5,433,434 
           |     41.26      21.91      39.37 |     32.47 
-----------+---------------------------------+----------
    40-<50 |   939,612  1,131,036    742,670 | 2,813,318 
           |     16.52      15.65      19.43 |     16.81 
-----------+---------------------------------+----------
    50-<60 |   970,513  1,329,164    723,925 | 3,023,602 
           |     17.07      18.40      18.94 |     18.07 
-----------+---------------------------------+----------
    60-<70 |   677,445  1,240,341    463,073 | 2,380,859 
           |     11.91      17.17      12.12 |     14.23 
-----------+---------------------------------+----------
    70-<80 |   461,265  1,201,963    277,934 | 1,941,162 
           |      8.11      16.64       7.27 |     11.60 
-----------+---------------------------------+----------
       80+ |   291,348    739,897    109,714 | 1,140,959 
           |      5.12      10.24       2.87 |      6.82 
-----------+---------------------------------+----------
     Total | 5,686,215  7,225,197  3,821,922 |16,733,334 
           |    100.00     100.00     100.00 |    100.00 

. tab agegroup ethnicity, col

+-------------------+
| Key               |
|-------------------|
|     frequency     |
| column percentage |
+-------------------+

   Grouped |                       Ethnicity
       age |     White  South Asi      Black      Other      Mixed |     Total
-----------+-------------------------------------------------------+----------
    18-<40 | 3,356,864     93,126    486,683    143,339    174,751 | 4,254,763 
           |     30.63      54.55      47.31      41.88      54.45 |     33.18 
-----------+-------------------------------------------------------+----------
    40-<50 | 1,808,109     34,978    242,639     81,964     68,261 | 2,235,951 
           |     16.50      20.49      23.58      23.95      21.27 |     17.44 
-----------+-------------------------------------------------------+----------
    50-<60 | 2,026,460     24,279    136,686     66,889     39,651 | 2,293,965 
           |     18.49      14.22      13.29      19.54      12.36 |     17.89 
-----------+-------------------------------------------------------+----------
    60-<70 | 1,649,326     10,861     93,483     28,085     22,435 | 1,804,190 
           |     15.05       6.36       9.09       8.21       6.99 |     14.07 
-----------+-------------------------------------------------------+----------
    70-<80 | 1,382,113      4,965     44,626     12,571     10,805 | 1,455,080 
           |     12.61       2.91       4.34       3.67       3.37 |     11.35 
-----------+-------------------------------------------------------+----------
       80+ |   738,180      2,520     24,696      9,391      5,012 |   779,799 
           |      6.73       1.48       2.40       2.74       1.56 |      6.08 
-----------+-------------------------------------------------------+----------
     Total |10,961,052    170,729  1,028,813    342,239    320,915 |12,823,748 
           |    100.00     100.00     100.00     100.00     100.00 |    100.00 

. tab agegroup imd,               col

+-------------------+
| Key               |
|-------------------|
|     frequency     |
| column percentage |
+-------------------+

   Grouped |          Index of Multiple Deprivation (IMD)
       age |         1          2          3          4          5 |     Total
-----------+-------------------------------------------------------+----------
    18-<40 | 1,405,292  1,326,959  1,157,290  1,056,367    957,338 | 5,903,246 
           |     42.04      38.14      33.22      30.37      27.34 |     34.15 
-----------+-------------------------------------------------------+----------
    40-<50 |   576,082    576,620    559,108    558,997    577,626 | 2,848,433 
           |     17.23      16.57      16.05      16.07      16.50 |     16.48 
-----------+-------------------------------------------------------+----------
    50-<60 |   548,855    588,077    613,490    636,217    665,054 | 3,051,693 
           |     16.42      16.90      17.61      18.29      18.99 |     17.65 
-----------+-------------------------------------------------------+----------
    60-<70 |   390,580    447,040    498,096    518,472    540,171 | 2,394,359 
           |     11.68      12.85      14.30      14.90      15.43 |     13.85 
-----------+-------------------------------------------------------+----------
    70-<80 |   264,979    339,540    412,521    447,509    478,940 | 1,943,489 
           |      7.93       9.76      11.84      12.86      13.68 |     11.24 
-----------+-------------------------------------------------------+----------
       80+ |   156,975    201,006    242,779    261,042    282,267 | 1,144,069 
           |      4.70       5.78       6.97       7.50       8.06 |      6.62 
-----------+-------------------------------------------------------+----------
     Total | 3,342,763  3,479,242  3,483,284  3,478,604  3,501,396 |17,285,289 
           |    100.00     100.00     100.00     100.00     100.00 |    100.00 

. tab agegroup bpcat,     col

+-------------------+
| Key               |
|-------------------|
|     frequency     |
| column percentage |
+-------------------+

   Grouped |           Grouped blood pressure
       age |    Normal   Elevated  High, sta  High, sta |     Total
-----------+--------------------------------------------+----------
    18-<40 | 3,268,958    852,334  1,372,924    479,816 | 5,974,032 
           |     58.47      34.03      24.65      12.78 |     34.29 
-----------+--------------------------------------------+----------
    40-<50 |   939,508    413,574    991,480    527,368 | 2,871,930 
           |     16.80      16.51      17.80      14.04 |     16.49 
-----------+--------------------------------------------+----------
    50-<60 |   640,931    414,593  1,181,634    830,754 | 3,067,912 
           |     11.46      16.55      21.21      22.12 |     17.61 
-----------+--------------------------------------------+----------
    60-<70 |   359,893    343,683    928,346    774,293 | 2,406,215 
           |      6.44      13.72      16.67      20.62 |     13.81 
-----------+--------------------------------------------+----------
    70-<80 |   227,996    301,426    725,428    697,165 | 1,952,015 
           |      4.08      12.04      13.02      18.56 |     11.21 
-----------+--------------------------------------------+----------
       80+ |   153,617    178,761    370,024    446,326 | 1,148,728 
           |      2.75       7.14       6.64      11.88 |      6.59 
-----------+--------------------------------------------+----------
     Total | 5,590,903  2,504,371  5,569,836  3,755,722 |17,420,832 
           |    100.00     100.00     100.00     100.00 |    100.00 

. 
. tab bmicat smoke,               col

+-------------------+
| Key               |
|-------------------|
|     frequency     |
| column percentage |
+-------------------+

                     |          Smoking status
         Grouped BMI |     Never     Former    Current |     Total
---------------------+---------------------------------+----------
 Underweight (<18.5) |   113,857     95,473     97,032 |   306,362 
                     |      2.67       1.50       3.30 |      2.26 
---------------------+---------------------------------+----------
  Normal (18.5-24.9) | 1,680,615  1,976,349  1,121,608 | 4,778,572 
                     |     39.35      30.99      38.18 |     35.17 
---------------------+---------------------------------+----------
Overweight (25-29.9) | 1,435,653  2,320,612    954,628 | 4,710,893 
                     |     33.61      36.39      32.50 |     34.68 
---------------------+---------------------------------+----------
   Obese I (30-34.9) |   665,796  1,250,519    481,569 | 2,397,884 
                     |     15.59      19.61      16.39 |     17.65 
---------------------+---------------------------------+----------
  Obese II (35-39.9) |   250,003    488,417    188,275 |   926,695 
                     |      5.85       7.66       6.41 |      6.82 
---------------------+---------------------------------+----------
     Obese III (40+) |   124,958    245,417     94,623 |   464,998 
                     |      2.93       3.85       3.22 |      3.42 
---------------------+---------------------------------+----------
               Total | 4,270,882  6,376,787  2,937,735 |13,585,404 
                     |    100.00     100.00     100.00 |    100.00 

. tab bmicat ethnicity,   col

+-------------------+
| Key               |
|-------------------|
|     frequency     |
| column percentage |
+-------------------+

                     |                       Ethnicity
         Grouped BMI |     White  South Asi      Black      Other      Mixed |     Total
---------------------+-------------------------------------------------------+----------
 Underweight (<18.5) |   190,976      3,909     27,220      5,265     12,169 |   239,539 
                     |      2.04       2.90       3.24       1.92       4.96 |      2.21 
---------------------+-------------------------------------------------------+----------
  Normal (18.5-24.9) | 3,295,725     54,396    319,594     82,691    121,622 | 3,874,028 
                     |     35.19      40.36      37.99      30.17      49.58 |     35.67 
---------------------+-------------------------------------------------------+----------
Overweight (25-29.9) | 3,261,863     43,424    310,474     98,468     72,166 | 3,786,395 
                     |     34.83      32.22      36.90      35.92      29.42 |     34.86 
---------------------+-------------------------------------------------------+----------
   Obese I (30-34.9) | 1,654,066     20,979    129,137     55,614     27,362 | 1,887,158 
                     |     17.66      15.57      15.35      20.29      11.15 |     17.38 
---------------------+-------------------------------------------------------+----------
  Obese II (35-39.9) |   639,781      7,941     39,641     21,686      8,448 |   717,497 
                     |      6.83       5.89       4.71       7.91       3.44 |      6.61 
---------------------+-------------------------------------------------------+----------
     Obese III (40+) |   322,556      4,127     15,267     10,383      3,534 |   355,867 
                     |      3.44       3.06       1.81       3.79       1.44 |      3.28 
---------------------+-------------------------------------------------------+----------
               Total | 9,364,967    134,776    841,333    274,107    245,301 |10,860,484 
                     |    100.00     100.00     100.00     100.00     100.00 |    100.00 

. tab bmicat imd,                 col

+-------------------+
| Key               |
|-------------------|
|     frequency     |
| column percentage |
+-------------------+

                     |          Index of Multiple Deprivation (IMD)
         Grouped BMI |         1          2          3          4          5 |     Total
---------------------+-------------------------------------------------------+----------
 Underweight (<18.5) |    71,573     67,346     60,862     57,544     54,045 |   311,370 
                     |      2.79       2.48       2.22       2.09       1.95 |      2.30 
---------------------+-------------------------------------------------------+----------
  Normal (18.5-24.9) |   814,450    920,596    969,217  1,007,451  1,056,982 | 4,768,696 
                     |     31.71      33.88      35.35      36.65      38.19 |     35.21 
---------------------+-------------------------------------------------------+----------
Overweight (25-29.9) |   830,345    918,174    957,355    976,642  1,006,402 | 4,688,918 
                     |     32.33      33.79      34.92      35.53      36.37 |     34.62 
---------------------+-------------------------------------------------------+----------
   Obese I (30-34.9) |   499,750    500,125    482,253    464,074    441,252 | 2,387,454 
                     |     19.46      18.41      17.59      16.88      15.94 |     17.63 
---------------------+-------------------------------------------------------+----------
  Obese II (35-39.9) |   224,311    203,619    182,817    166,494    145,991 |   923,232 
                     |      8.73       7.49       6.67       6.06       5.28 |      6.82 
---------------------+-------------------------------------------------------+----------
     Obese III (40+) |   128,114    107,036     89,181     76,526     62,709 |   463,566 
                     |      4.99       3.94       3.25       2.78       2.27 |      3.42 
---------------------+-------------------------------------------------------+----------
               Total | 2,568,543  2,716,896  2,741,685  2,748,731  2,767,381 |13,543,236 
                     |    100.00     100.00     100.00     100.00     100.00 |    100.00 

									****KB NOTE - CHECK - IS IMD 1(LEAST DEPR) to 5(MOST) AS WE EXPECTD, OR THE OTHER WAY ROUND???****

. tab bmicat bpcat,               col

+-------------------+
| Key               |
|-------------------|
|     frequency     |
| column percentage |
+-------------------+

                     |           Grouped blood pressure
         Grouped BMI |    Normal   Elevated  High, sta  High, sta |     Total
---------------------+--------------------------------------------+----------
 Underweight (<18.5) |   168,498     42,691     67,084     35,764 |   314,037 
                     |      4.57       2.04       1.42       1.13 |      2.30 
---------------------+--------------------------------------------+----------
  Normal (18.5-24.9) | 1,859,647    797,074  1,397,304    757,462 | 4,811,487 
                     |     50.45      38.04      29.63      23.98 |     35.23 
---------------------+--------------------------------------------+----------
Overweight (25-29.9) | 1,079,241    747,983  1,742,235  1,157,709 | 4,727,168 
                     |     29.28      35.69      36.95      36.65 |     34.62 
---------------------+--------------------------------------------+----------
   Obese I (30-34.9) |   394,298    334,874    949,494    727,164 | 2,405,830 
                     |     10.70      15.98      20.14      23.02 |     17.62 
---------------------+--------------------------------------------+----------
  Obese II (35-39.9) |   127,355    118,796    372,865    311,195 |   930,211 
                     |      3.46       5.67       7.91       9.85 |      6.81 
---------------------+--------------------------------------------+----------
     Obese III (40+) |    56,801     54,149    186,295    169,848 |   467,093 
                     |      1.54       2.58       3.95       5.38 |      3.42 
---------------------+--------------------------------------------+----------
               Total | 3,685,840  2,095,567  4,715,277  3,159,142 |13,655,826 
                     |    100.00     100.00     100.00     100.00 |    100.00 

. 
. tab smoke ethnicity,    col

+-------------------+
| Key               |
|-------------------|
|     frequency     |
| column percentage |
+-------------------+

     Smoking |                       Ethnicity
      status |     White  South Asi      Black      Other      Mixed |     Total
-------------+-------------------------------------------------------+----------
       Never | 3,237,209     67,717    514,809    161,776    152,737 | 4,134,248 
             |     30.07      41.28      51.82      49.04      50.08 |     32.92 
-------------+-------------------------------------------------------+----------
      Former | 5,006,798     54,797    321,614    108,167     85,105 | 5,576,481 
             |     46.51      33.40      32.38      32.79      27.90 |     44.41 
-------------+-------------------------------------------------------+----------
     Current | 2,520,807     41,545    156,964     59,935     67,146 | 2,846,397 
             |     23.42      25.32      15.80      18.17      22.02 |     22.67 
-------------+-------------------------------------------------------+----------
       Total |10,764,814    164,059    993,387    329,878    304,988 |12,557,126 
             |    100.00     100.00     100.00     100.00     100.00 |    100.00 

. tab smoke imd,                  col

+-------------------+
| Key               |
|-------------------|
|     frequency     |
| column percentage |
+-------------------+

     Smoking |          Index of Multiple Deprivation (IMD)
      status |         1          2          3          4          5 |     Total
-------------+-------------------------------------------------------+----------
       Never |   900,570  1,066,479  1,138,380  1,220,728  1,310,614 | 5,636,771 
             |     28.33      31.98      33.95      36.40      38.75 |     33.95 
-------------+-------------------------------------------------------+----------
      Former | 1,198,024  1,380,616  1,487,894  1,530,108  1,571,810 | 7,168,452 
             |     37.69      41.41      44.38      45.62      46.47 |     43.18 
-------------+-------------------------------------------------------+----------
     Current | 1,079,747    887,319    726,504    603,106    499,768 | 3,796,444 
             |     33.97      26.61      21.67      17.98      14.78 |     22.87 
-------------+-------------------------------------------------------+----------
       Total | 3,178,341  3,334,414  3,352,778  3,353,942  3,382,192 |16,601,667 
             |    100.00     100.00     100.00     100.00     100.00 |    100.00 
						
							****KB NOTE - CHECK - IS IMD 1(LEAST DEPR) to 5(MOST) [AS I HAD THOUGHT], OR THE OTHER WAY ROUND???****

. tab smoke bpcat,                col

+-------------------+
| Key               |
|-------------------|
|     frequency     |
| column percentage |
+-------------------+

     Smoking |           Grouped blood pressure
      status |    Normal   Elevated  High, sta  High, sta |     Total
-------------+--------------------------------------------+----------
       Never | 2,043,011    802,617  1,744,088  1,096,499 | 5,686,215 
             |     40.74      32.48      31.61      29.40 |     33.98 
-------------+--------------------------------------------+----------
      Former | 1,715,392  1,100,872  2,562,949  1,845,984 | 7,225,197 
             |     34.20      44.55      46.45      49.49 |     43.18 
-------------+--------------------------------------------+----------
     Current | 1,256,898    567,356  1,210,395    787,273 | 3,821,922 
             |     25.06      22.96      21.94      21.11 |     22.84 
-------------+--------------------------------------------+----------
       Total | 5,015,301  2,470,845  5,517,432  3,729,756 |16,733,334 
             |    100.00     100.00     100.00     100.00 |    100.00 

. 
. tab ethnicity imd,              col

+-------------------+
| Key               |
|-------------------|
|     frequency     |
| column percentage |
+-------------------+

            |          Index of Multiple Deprivation (IMD)
  Ethnicity |         1          2          3          4          5 |     Total
------------+-------------------------------------------------------+----------
      White | 1,959,801  2,113,171  2,215,872  2,286,007  2,294,361 |10,869,212 
            |     76.49      80.74      86.85      90.87      92.93 |     85.48 
------------+-------------------------------------------------------+----------
South Asian |    47,709     40,294     31,944     26,972     22,098 |   169,017 
            |      1.86       1.54       1.25       1.07       0.90 |      1.33 
------------+-------------------------------------------------------+----------
      Black |   336,215    294,458    188,839    114,183     87,227 | 1,020,922 
            |     13.12      11.25       7.40       4.54       3.53 |      8.03 
------------+-------------------------------------------------------+----------
      Other |   137,020     90,576     54,578     34,362     22,531 |   339,067 
            |      5.35       3.46       2.14       1.37       0.91 |      2.67 
------------+-------------------------------------------------------+----------
      Mixed |    81,521     78,873     60,238     54,112     42,809 |   317,553 
            |      3.18       3.01       2.36       2.15       1.73 |      2.50 
------------+-------------------------------------------------------+----------
      Total | 2,562,266  2,617,372  2,551,471  2,515,636  2,469,026 |12,715,771 
            |    100.00     100.00     100.00     100.00     100.00 |    100.00 

							****KB NOTE - CHECK - IS IMD 1(LEAST DEPR) to 5(MOST) [AS I HAD THOUGHT], OR THE OTHER WAY ROUND???****

. tab ethnicity bpcat,    col

+-------------------+
| Key               |
|-------------------|
|     frequency     |
| column percentage |
+-------------------+

            |           Grouped blood pressure
  Ethnicity |    Normal   Elevated  High, sta  High, sta |     Total
------------+--------------------------------------------+----------
      White | 3,175,813  1,643,995  3,670,570  2,470,674 |10,961,052 
            |     79.79      86.93      87.20      90.07 |     85.47 
------------+--------------------------------------------+----------
South Asian |    75,149     23,470     47,758     24,352 |   170,729 
            |      1.89       1.24       1.13       0.89 |      1.33 
------------+--------------------------------------------+----------
      Black |   432,491    139,714    309,782    146,826 | 1,028,813 
            |     10.87       7.39       7.36       5.35 |      8.02 
------------+--------------------------------------------+----------
      Other |   124,485     46,502    105,220     66,032 |   342,239 
            |      3.13       2.46       2.50       2.41 |      2.67 
------------+--------------------------------------------+----------
      Mixed |   172,156     37,424     76,063     35,272 |   320,915 
            |      4.33       1.98       1.81       1.29 |      2.50 
------------+--------------------------------------------+----------
      Total | 3,980,094  1,891,105  4,209,393  2,743,156 |12,823,748 
            |    100.00     100.00     100.00     100.00 |    100.00 

. 
. tab imd bpcat,                  col

+-------------------+
| Key               |
|-------------------|
|     frequency     |
| column percentage |
+-------------------+

  Index of |
  Multiple |
Deprivatio |           Grouped blood pressure
   n (IMD) |    Normal   Elevated  High, sta  High, sta |     Total
-----------+--------------------------------------------+----------
         1 | 1,166,429    474,080  1,032,998    669,256 | 3,342,763 
           |     21.05      19.09      18.69      17.93 |     19.34 
-----------+--------------------------------------------+----------
         2 | 1,163,211    495,031  1,093,960    727,040 | 3,479,242 
           |     21.00      19.93      19.79      19.48 |     20.13 
-----------+--------------------------------------------+----------
         3 | 1,100,582    499,998  1,116,079    766,625 | 3,483,284 
           |     19.87      20.13      20.19      20.54 |     20.15 
-----------+--------------------------------------------+----------
         4 | 1,066,494    504,756  1,129,937    777,417 | 3,478,604 
           |     19.25      20.32      20.44      20.83 |     20.12 
-----------+--------------------------------------------+----------
         5 | 1,043,515    510,073  1,155,148    792,660 | 3,501,396 
           |     18.84      20.53      20.90      21.23 |     20.26 
-----------+--------------------------------------------+----------
     Total | 5,540,231  2,483,938  5,528,122  3,732,998 |17,285,289 
           |    100.00     100.00     100.00     100.00 |    100.00 

. 
. 
. 
. /*  Relationships with demographic/lifestyle variables  */
. 
. * Relationships with age
. foreach var of varlist  chronic_respiratory_disease     ///
>                                                 asthma                                                
>   ///
>                                                 chronic_cardiac_disease                 ///
>                                                 diabetes                                              
>   ///
>                                                 cancer_exhaem_lastyr                    ///
>                                                 haemmalig_aanaem_bmtrans_lastyr ///
>                                                 chronic_liver_disease                   ///
>                                                 other_neuro                                           
>   ///
>                                                 chronic_kidney_disease                  ///
>                                                 organ_transplant                                ///   
>   
>                                                 spleen                                                
>   ///
>                                                 ra_sle_psoriasis                                {
  2.         tab agegroup `var', r
  3. }

+----------------+
| Key            |
|----------------|
|   frequency    |
| row percentage |
+----------------+

           |  Respiratory disease
   Grouped |    (excl. asthma)
       age |         0          1 |     Total
-----------+----------------------+----------
    18-<40 | 5,951,927     22,105 | 5,974,032 
           |     99.63       0.37 |    100.00 
-----------+----------------------+----------
    40-<50 | 2,837,895     34,035 | 2,871,930 
           |     98.81       1.19 |    100.00 
-----------+----------------------+----------
    50-<60 | 2,968,811     99,101 | 3,067,912 
           |     96.77       3.23 |    100.00 
-----------+----------------------+----------
    60-<70 | 2,231,686    174,529 | 2,406,215 
           |     92.75       7.25 |    100.00 
-----------+----------------------+----------
    70-<80 | 1,719,291    232,724 | 1,952,015 
           |     88.08      11.92 |    100.00 
-----------+----------------------+----------
       80+ |   995,683    153,045 | 1,148,728 
           |     86.68      13.32 |    100.00 
-----------+----------------------+----------
     Total |16,705,293    715,539 |17,420,832 
           |     95.89       4.11 |    100.00 

+----------------+
| Key            |
|----------------|
|   frequency    |
| row percentage |
+----------------+

   Grouped |        Asthma
       age |         0          1 |     Total
-----------+----------------------+----------
    18-<40 | 5,561,940    412,092 | 5,974,032 
           |     93.10       6.90 |    100.00 
-----------+----------------------+----------
    40-<50 | 2,621,879    250,051 | 2,871,930 
           |     91.29       8.71 |    100.00 
-----------+----------------------+----------
    50-<60 | 2,777,230    290,682 | 3,067,912 
           |     90.53       9.47 |    100.00 
-----------+----------------------+----------
    60-<70 | 2,171,931    234,284 | 2,406,215 
           |     90.26       9.74 |    100.00 
-----------+----------------------+----------
    70-<80 | 1,762,613    189,402 | 1,952,015 
           |     90.30       9.70 |    100.00 
-----------+----------------------+----------
       80+ | 1,043,889    104,839 | 1,148,728 
           |     90.87       9.13 |    100.00 
-----------+----------------------+----------
     Total |15,939,482  1,481,350 |17,420,832 
           |     91.50       8.50 |    100.00 

+----------------+
| Key            |
|----------------|
|   frequency    |
| row percentage |
+----------------+

   Grouped |     Heart disease
       age |         0          1 |     Total
-----------+----------------------+----------
    18-<40 | 5,932,875     41,157 | 5,974,032 
           |     99.31       0.69 |    100.00 
-----------+----------------------+----------
    40-<50 | 2,825,301     46,629 | 2,871,930 
           |     98.38       1.62 |    100.00 
-----------+----------------------+----------
    50-<60 | 2,928,705    139,207 | 3,067,912 
           |     95.46       4.54 |    100.00 
-----------+----------------------+----------
    60-<70 | 2,161,804    244,411 | 2,406,215 
           |     89.84      10.16 |    100.00 
-----------+----------------------+----------
    70-<80 | 1,593,617    358,398 | 1,952,015 
           |     81.64      18.36 |    100.00 
-----------+----------------------+----------
       80+ |   798,151    350,577 | 1,148,728 
           |     69.48      30.52 |    100.00 
-----------+----------------------+----------
     Total |16,240,453  1,180,379 |17,420,832 
           |     93.22       6.78 |    100.00 

+----------------+
| Key            |
|----------------|
|   frequency    |
| row percentage |
+----------------+

   Grouped |       Diabetes
       age |         0          1 |     Total
-----------+----------------------+----------
    18-<40 | 5,871,643    102,389 | 5,974,032 
           |     98.29       1.71 |    100.00 
-----------+----------------------+----------
    40-<50 | 2,706,885    165,045 | 2,871,930 
           |     94.25       5.75 |    100.00 
-----------+----------------------+----------
    50-<60 | 2,741,650    326,262 | 3,067,912 
           |     89.37      10.63 |    100.00 
-----------+----------------------+----------
    60-<70 | 1,993,656    412,559 | 2,406,215 
           |     82.85      17.15 |    100.00 
-----------+----------------------+----------
    70-<80 | 1,519,837    432,178 | 1,952,015 
           |     77.86      22.14 |    100.00 
-----------+----------------------+----------
       80+ |   855,062    293,666 | 1,148,728 
           |     74.44      25.56 |    100.00 
-----------+----------------------+----------
     Total |15,688,733  1,732,099 |17,420,832 
           |     90.06       9.94 |    100.00 

+----------------+
| Key            |
|----------------|
|   frequency    |
| row percentage |
+----------------+

           |   Cancer other than
           |   haematological in
   Grouped |       last year
       age |         0          1 |     Total
-----------+----------------------+----------
    18-<40 | 5,971,093      2,939 | 5,974,032 
           |     99.95       0.05 |    100.00 
-----------+----------------------+----------
    40-<50 | 2,866,716      5,214 | 2,871,930 
           |     99.82       0.18 |    100.00 
-----------+----------------------+----------
    50-<60 | 3,055,079     12,833 | 3,067,912 
           |     99.58       0.42 |    100.00 
-----------+----------------------+----------
    60-<70 | 2,385,261     20,954 | 2,406,215 
           |     99.13       0.87 |    100.00 
-----------+----------------------+----------
    70-<80 | 1,927,013     25,002 | 1,952,015 
           |     98.72       1.28 |    100.00 
-----------+----------------------+----------
       80+ | 1,133,552     15,176 | 1,148,728 
           |     98.68       1.32 |    100.00 
-----------+----------------------+----------
     Total |17,338,714     82,118 |17,420,832 
           |     99.53       0.47 |    100.00 

+----------------+
| Key            |
|----------------|
|   frequency    |
| row percentage |
+----------------+

           | Haematol malignancy,
           |  aplastic anaemia or
           |      bone marrow
           |  transplant in last
   Grouped |         year
       age |         0          1 |     Total
-----------+----------------------+----------
    18-<40 | 5,971,345      2,687 | 5,974,032 
           |     99.96       0.04 |    100.00 
-----------+----------------------+----------
    40-<50 | 2,867,144      4,786 | 2,871,930 
           |     99.83       0.17 |    100.00 
-----------+----------------------+----------
    50-<60 | 3,055,864     12,048 | 3,067,912 
           |     99.61       0.39 |    100.00 
-----------+----------------------+----------
    60-<70 | 2,388,943     17,272 | 2,406,215 
           |     99.28       0.72 |    100.00 
-----------+----------------------+----------
    70-<80 | 1,932,771     19,244 | 1,952,015 
           |     99.01       0.99 |    100.00 
-----------+----------------------+----------
       80+ | 1,136,964     11,764 | 1,148,728 
           |     98.98       1.02 |    100.00 
-----------+----------------------+----------
     Total |17,353,031     67,801 |17,420,832 
           |     99.61       0.39 |    100.00 

+----------------+
| Key            |
|----------------|
|   frequency    |
| row percentage |
+----------------+

   Grouped | Chronic liver disease
       age |         0          1 |     Total
-----------+----------------------+----------
    18-<40 | 5,961,896     12,136 | 5,974,032 
           |     99.80       0.20 |    100.00 
-----------+----------------------+----------
    40-<50 | 2,854,862     17,068 | 2,871,930 
           |     99.41       0.59 |    100.00 
-----------+----------------------+----------
    50-<60 | 3,040,270     27,642 | 3,067,912 
           |     99.10       0.90 |    100.00 
-----------+----------------------+----------
    60-<70 | 2,377,660     28,555 | 2,406,215 
           |     98.81       1.19 |    100.00 
-----------+----------------------+----------
    70-<80 | 1,930,693     21,322 | 1,952,015 
           |     98.91       1.09 |    100.00 
-----------+----------------------+----------
       80+ | 1,140,655      8,073 | 1,148,728 
           |     99.30       0.70 |    100.00 
-----------+----------------------+----------
     Total |17,306,036    114,796 |17,420,832 
           |     99.34       0.66 |    100.00 

+----------------+
| Key            |
|----------------|
|   frequency    |
| row percentage |
+----------------+

           | Neuro condition other
   Grouped | than stroke/dementia
       age |         0          1 |     Total
-----------+----------------------+----------
    18-<40 | 5,948,337     25,695 | 5,974,032 
           |     99.57       0.43 |    100.00 
-----------+----------------------+----------
    40-<50 | 2,853,182     18,748 | 2,871,930 
           |     99.35       0.65 |    100.00 
-----------+----------------------+----------
    50-<60 | 3,038,941     28,971 | 3,067,912 
           |     99.06       0.94 |    100.00 
-----------+----------------------+----------
    60-<70 | 2,373,900     32,315 | 2,406,215 
           |     98.66       1.34 |    100.00 
-----------+----------------------+----------
    70-<80 | 1,913,058     38,957 | 1,952,015 
           |     98.00       2.00 |    100.00 
-----------+----------------------+----------
       80+ | 1,120,480     28,248 | 1,148,728 
           |     97.54       2.46 |    100.00 
-----------+----------------------+----------
     Total |17,247,898    172,934 |17,420,832 
           |     99.01       0.99 |    100.00 

+----------------+
| Key            |
|----------------|
|   frequency    |
| row percentage |
+----------------+

   Grouped |    Kidney disease
       age |         0          1 |     Total
-----------+----------------------+----------

											***REDACTED AS NOT REAL DATA


+----------------+
| Key            |
|----------------|
|   frequency    |
| row percentage |
+----------------+

           |   Organ transplant
   Grouped |       recipient
       age |         0          1 |     Total
-----------+----------------------+----------
    18-<40 | 5,970,791      3,241 | 5,974,032 
           |     99.95       0.05 |    100.00 
-----------+----------------------+----------
    40-<50 | 2,868,724      3,206 | 2,871,930 
           |     99.89       0.11 |    100.00 
-----------+----------------------+----------
    50-<60 | 3,062,694      5,218 | 3,067,912 
           |     99.83       0.17 |    100.00 
-----------+----------------------+----------
    60-<70 | 2,401,251      4,964 | 2,406,215 
           |     99.79       0.21 |    100.00 
-----------+----------------------+----------
    70-<80 | 1,949,144      2,871 | 1,952,015 
           |     99.85       0.15 |    100.00 
-----------+----------------------+----------
       80+ | 1,148,018        710 | 1,148,728 
           |     99.94       0.06 |    100.00 
-----------+----------------------+----------
     Total |17,400,622     20,210 |17,420,832 
           |     99.88       0.12 |    100.00 

+----------------+
| Key            |
|----------------|
|   frequency    |
| row percentage |
+----------------+

           |    Spleen problems
           |  (dysplenia, sickle
   Grouped |         cell)
       age |         0          1 |     Total
-----------+----------------------+----------
    18-<40 | 5,969,380      4,652 | 5,974,032 
           |     99.92       0.08 |    100.00 
-----------+----------------------+----------
    40-<50 | 2,867,893      4,037 | 2,871,930 
           |     99.86       0.14 |    100.00 
-----------+----------------------+----------
    50-<60 | 3,061,679      6,233 | 3,067,912 
           |     99.80       0.20 |    100.00 
-----------+----------------------+----------
    60-<70 | 2,400,506      5,709 | 2,406,215 
           |     99.76       0.24 |    100.00 
-----------+----------------------+----------
    70-<80 | 1,947,025      4,990 | 1,952,015 
           |     99.74       0.26 |    100.00 
-----------+----------------------+----------
       80+ | 1,146,088      2,640 | 1,148,728 
           |     99.77       0.23 |    100.00 
-----------+----------------------+----------
     Total |17,392,571     28,261 |17,420,832 
           |     99.84       0.16 |    100.00 

+----------------+
| Key            |
|----------------|
|   frequency    |
| row percentage |
+----------------+

           |  RA, SLE, Psoriasis
   Grouped | (autoimmune disease)
       age |         0          1 |     Total
-----------+----------------------+----------
    18-<40 | 5,800,419    173,613 | 5,974,032 
           |     97.09       2.91 |    100.00 
-----------+----------------------+----------
    40-<50 | 2,738,497    133,433 | 2,871,930 
           |     95.35       4.65 |    100.00 
-----------+----------------------+----------
    50-<60 | 2,890,687    177,225 | 3,067,912 
           |     94.22       5.78 |    100.00 
-----------+----------------------+----------
    60-<70 | 2,239,877    166,338 | 2,406,215 
           |     93.09       6.91 |    100.00 
-----------+----------------------+----------
    70-<80 | 1,800,183    151,832 | 1,952,015 
           |     92.22       7.78 |    100.00 
-----------+----------------------+----------
       80+ | 1,064,831     83,897 | 1,148,728 
           |     92.70       7.30 |    100.00 
-----------+----------------------+----------
     Total |16,534,494    886,338 |17,420,832 
           |     94.91       5.09 |    100.00 

. 
. 
. * Relationships with sex
. foreach var of varlist  chronic_respiratory_disease     ///
>                                                 asthma                                                
>   ///
>                                                 chronic_cardiac_disease                 ///
>                                                 diabetes                                              
>   ///
>                                                 cancer_exhaem_lastyr                    ///
>                                                 haemmalig_aanaem_bmtrans_lastyr ///
>                                                 chronic_liver_disease                   ///
>                                                 other_neuro                                           
>   ///
>                                                 chronic_kidney_disease                  ///
>                                                 organ_transplant                                ///   
>   
>                                                 spleen                                                
>   ///
>                                                 ra_sle_psoriasis                                {
  2.         tab male `var', r
  3. }

+----------------+
| Key            |
|----------------|
|   frequency    |
| row percentage |
+----------------+

           |  Respiratory disease
           |    (excl. asthma)
      Male |         0          1 |     Total
-----------+----------------------+----------
         0 | 8,373,502    353,477 | 8,726,979 
           |     95.95       4.05 |    100.00 
-----------+----------------------+----------
         1 | 8,331,791    362,062 | 8,693,853 
           |     95.84       4.16 |    100.00 
-----------+----------------------+----------
     Total |16,705,293    715,539 |17,420,832 
           |     95.89       4.11 |    100.00 

+----------------+
| Key            |
|----------------|
|   frequency    |
| row percentage |
+----------------+

           |        Asthma
      Male |         0          1 |     Total
-----------+----------------------+----------
         0 | 7,864,787    862,192 | 8,726,979 
           |     90.12       9.88 |    100.00 
-----------+----------------------+----------
         1 | 8,074,695    619,158 | 8,693,853 
           |     92.88       7.12 |    100.00 
-----------+----------------------+----------
     Total |15,939,482  1,481,350 |17,420,832 
           |     91.50       8.50 |    100.00 

+----------------+
| Key            |
|----------------|
|   frequency    |
| row percentage |
+----------------+

           |     Heart disease
      Male |         0          1 |     Total
-----------+----------------------+----------
         0 | 8,259,796    467,183 | 8,726,979 
           |     94.65       5.35 |    100.00 
-----------+----------------------+----------
         1 | 7,980,657    713,196 | 8,693,853 
           |     91.80       8.20 |    100.00 
-----------+----------------------+----------
     Total |16,240,453  1,180,379 |17,420,832 
           |     93.22       6.78 |    100.00 

+----------------+
| Key            |
|----------------|
|   frequency    |
| row percentage |
+----------------+

           |       Diabetes
      Male |         0          1 |     Total
-----------+----------------------+----------
         0 | 7,923,455    803,524 | 8,726,979 
           |     90.79       9.21 |    100.00 
-----------+----------------------+----------
         1 | 7,765,278    928,575 | 8,693,853 
           |     89.32      10.68 |    100.00 
-----------+----------------------+----------
     Total |15,688,733  1,732,099 |17,420,832 
           |     90.06       9.94 |    100.00 

+----------------+
| Key            |
|----------------|
|   frequency    |
| row percentage |
+----------------+

           |   Cancer other than
           |   haematological in
           |       last year
      Male |         0          1 |     Total
-----------+----------------------+----------
         0 | 8,687,020     39,959 | 8,726,979 
           |     99.54       0.46 |    100.00 
-----------+----------------------+----------
         1 | 8,651,694     42,159 | 8,693,853 
           |     99.52       0.48 |    100.00 
-----------+----------------------+----------
     Total |17,338,714     82,118 |17,420,832 
           |     99.53       0.47 |    100.00 

+----------------+
| Key            |
|----------------|
|   frequency    |
| row percentage |
+----------------+

           | Haematol malignancy,
           |  aplastic anaemia or
           |      bone marrow
           |  transplant in last
           |         year
      Male |         0          1 |     Total
-----------+----------------------+----------
         0 | 8,694,397     32,582 | 8,726,979 
           |     99.63       0.37 |    100.00 
-----------+----------------------+----------
         1 | 8,658,634     35,219 | 8,693,853 
           |     99.59       0.41 |    100.00 
-----------+----------------------+----------
     Total |17,353,031     67,801 |17,420,832 
           |     99.61       0.39 |    100.00 

+----------------+
| Key            |
|----------------|
|   frequency    |
| row percentage |
+----------------+

           | Chronic liver disease
      Male |         0          1 |     Total
-----------+----------------------+----------
         0 | 8,677,969     49,010 | 8,726,979 
           |     99.44       0.56 |    100.00 
-----------+----------------------+----------
         1 | 8,628,067     65,786 | 8,693,853 
           |     99.24       0.76 |    100.00 
-----------+----------------------+----------
     Total |17,306,036    114,796 |17,420,832 
           |     99.34       0.66 |    100.00 

+----------------+
| Key            |
|----------------|
|   frequency    |
| row percentage |
+----------------+

           | Neuro condition other
           | than stroke/dementia
      Male |         0          1 |     Total
-----------+----------------------+----------
         0 | 8,636,579     90,400 | 8,726,979 
           |     98.96       1.04 |    100.00 
-----------+----------------------+----------
         1 | 8,611,319     82,534 | 8,693,853 
           |     99.05       0.95 |    100.00 
-----------+----------------------+----------
     Total |17,247,898    172,934 |17,420,832 
           |     99.01       0.99 |    100.00 

+----------------+
| Key            |
|----------------|
|   frequency    |
| row percentage |
+----------------+

           |    Kidney disease
      Male |         0          1 |     Total
-----------+----------------------+----------
													***REDACTED AS NOT REAL DATA


+----------------+
| Key            |
|----------------|
|   frequency    |
| row percentage |
+----------------+

           |   Organ transplant
           |       recipient
      Male |         0          1 |     Total
-----------+----------------------+----------
         0 | 8,718,796      8,183 | 8,726,979 
           |     99.91       0.09 |    100.00 
-----------+----------------------+----------
         1 | 8,681,826     12,027 | 8,693,853 
           |     99.86       0.14 |    100.00 
-----------+----------------------+----------
     Total |17,400,622     20,210 |17,420,832 
           |     99.88       0.12 |    100.00 

+----------------+
| Key            |
|----------------|
|   frequency    |
| row percentage |
+----------------+

           |    Spleen problems
           |  (dysplenia, sickle
           |         cell)
      Male |         0          1 |     Total
-----------+----------------------+----------
         0 | 8,714,041     12,938 | 8,726,979 
           |     99.85       0.15 |    100.00 
-----------+----------------------+----------
         1 | 8,678,530     15,323 | 8,693,853 
           |     99.82       0.18 |    100.00 
-----------+----------------------+----------
     Total |17,392,571     28,261 |17,420,832 
           |     99.84       0.16 |    100.00 

+----------------+
| Key            |
|----------------|
|   frequency    |
| row percentage |
+----------------+

           |  RA, SLE, Psoriasis
           | (autoimmune disease)
      Male |         0          1 |     Total
-----------+----------------------+----------
         0 | 8,232,201    494,778 | 8,726,979 
           |     94.33       5.67 |    100.00 
-----------+----------------------+----------
         1 | 8,302,293    391,560 | 8,693,853 
           |     95.50       4.50 |    100.00 
-----------+----------------------+----------
     Total |16,534,494    886,338 |17,420,832 
           |     94.91       5.09 |    100.00 

. 
. 
. /*  Relationships between conditions  */
. 
. 
. * Respiratory
. tab chronic_respiratory_disease asthma 
													****KB NOTE - ADD %s TO BELOW FOR FUTURE RUNS
Respirator |
 y disease |
    (excl. |        Asthma
   asthma) |         0          1 |     Total
-----------+----------------------+----------
         0 |15,418,351  1,286,942 |16,705,293 
         1 |   521,131    194,408 |   715,539 
-----------+----------------------+----------
     Total |15,939,482  1,481,350 |17,420,832 

. 
. * Cardiac
. tab diabetes chronic_cardiac_disease

           |     Heart disease
  Diabetes |         0          1 |     Total
-----------+----------------------+----------
         0 |14,887,670    801,063 |15,688,733 
         1 | 1,352,783    379,316 | 1,732,099 
-----------+----------------------+----------
     Total |16,240,453  1,180,379 |17,420,832 

. tab chronic_cardiac_disease bpcat

     Heart |           Grouped blood pressure
   disease |    Normal   Elevated  High, sta  High, sta |     Total
-----------+--------------------------------------------+----------
         0 | 5,366,183  2,301,133  5,162,325  3,410,812 |16,240,453 
         1 |   224,720    203,238    407,511    344,910 | 1,180,379 
-----------+--------------------------------------------+----------
     Total | 5,590,903  2,504,371  5,569,836  3,755,722 |17,420,832 

. 
. 
. 
. 
. 
. 
. 
. ********************************************
. *  Cross-check logical date relationships  *
. ********************************************
. 
. * Cross check dates of hosp/itu/death??
. 
. 
. 
. 
. 
. 
. * Close log file 
. log close
      name:  <unnamed>
       log:  E:\analyses\alex-tmp-repo-2\analysis\output/an_checks.log
  log type:  text
 closed on:  24 Apr 2020, 07:03:10
--------------------------------------------------------------------------------------------------------
