------------------------------------------------------------------------------
      name:  <unnamed>
       log:  E:\analyses\alex-tmp-repo-2\analysis\output/an_descriptive_tables
> .log
  log type:  text
 opened on:  24 Apr 2020, 07:03:05

. 
. use egdata, clear
(Poor factors dummy analysis dataset)

. 
. 
. **********************************
. *  Distribution in whole cohort  *
. **********************************
. 
. 
. * Demographics
. summ age

    Variable |        Obs        Mean    Std. Dev.       Min        Max
-------------+---------------------------------------------------------
         age | 17,420,832    49.74252     18.7329         18        105

. tab agegroup

Grouped age |      Freq.     Percent        Cum.
------------+-----------------------------------
     18-<40 |  5,974,032       34.29       34.29
     40-<50 |  2,871,930       16.49       50.78
     50-<60 |  3,067,912       17.61       68.39
     60-<70 |  2,406,215       13.81       82.20
     70-<80 |  1,952,015       11.21       93.41
        80+ |  1,148,728        6.59      100.00
------------+-----------------------------------
      Total | 17,420,832      100.00

. tab male

       Male |      Freq.     Percent        Cum.
------------+-----------------------------------
          0 |  8,726,979       50.10       50.10
          1 |  8,693,853       49.90      100.00
------------+-----------------------------------
      Total | 17,420,832      100.00

. tab bmicat

         Grouped BMI |      Freq.     Percent        Cum.
---------------------+-----------------------------------
 Underweight (<18.5) |    314,037        2.30        2.30
  Normal (18.5-24.9) |  4,811,487       35.23       37.53
Overweight (25-29.9) |  4,727,168       34.62       72.15
   Obese I (30-34.9) |  2,405,830       17.62       89.77
  Obese II (35-39.9) |    930,211        6.81       96.58
     Obese III (40+) |    467,093        3.42      100.00
---------------------+-----------------------------------
               Total | 13,655,826      100.00

. tab bmicat, m

         Grouped BMI |      Freq.     Percent        Cum.
---------------------+-----------------------------------
 Underweight (<18.5) |    314,037        1.80        1.80
  Normal (18.5-24.9) |  4,811,487       27.62       29.42
Overweight (25-29.9) |  4,727,168       27.14       56.56
   Obese I (30-34.9) |  2,405,830       13.81       70.37
  Obese II (35-39.9) |    930,211        5.34       75.71
     Obese III (40+) |    467,093        2.68       78.39
        Unknown (.u) |  3,765,006       21.61      100.00
---------------------+-----------------------------------
               Total | 17,420,832      100.00

. tab smoke

     Smoking |
      status |      Freq.     Percent        Cum.
-------------+-----------------------------------
       Never |  5,686,215       33.98       33.98
      Former |  7,225,197       43.18       77.16
     Current |  3,821,922       22.84      100.00
-------------+-----------------------------------
       Total | 16,733,334      100.00

. tab smoke, m

     Smoking |
      status |      Freq.     Percent        Cum.
-------------+-----------------------------------
       Never |  5,686,215       32.64       32.64
      Former |  7,225,197       41.47       74.11
     Current |  3,821,922       21.94       96.05
Unknown (.u) |    687,498        3.95      100.00
-------------+-----------------------------------
       Total | 17,420,832      100.00

. 
. * Comorbidities
. tab chronic_respiratory_disease

Respiratory |
    disease |
     (excl. |
    asthma) |      Freq.     Percent        Cum.
------------+-----------------------------------
          0 | 16,705,293       95.89       95.89
          1 |    715,539        4.11      100.00
------------+-----------------------------------
      Total | 17,420,832      100.00

. tab asthma

     Asthma |      Freq.     Percent        Cum.
------------+-----------------------------------
          0 | 15,939,482       91.50       91.50
          1 |  1,481,350        8.50      100.00
------------+-----------------------------------
      Total | 17,420,832      100.00

. tab chronic_cardiac_disease

      Heart |
    disease |      Freq.     Percent        Cum.
------------+-----------------------------------
          0 | 16,240,453       93.22       93.22
          1 |  1,180,379        6.78      100.00
------------+-----------------------------------
      Total | 17,420,832      100.00

. tab diabetes

   Diabetes |      Freq.     Percent        Cum.
------------+-----------------------------------
          0 | 15,688,733       90.06       90.06
          1 |  1,732,099        9.94      100.00
------------+-----------------------------------
      Total | 17,420,832      100.00

. tab cancer_exhaem_lastyr

     Cancer |
 other than |
haematologi |
cal in last |
       year |      Freq.     Percent        Cum.
------------+-----------------------------------
          0 | 17,338,714       99.53       99.53
          1 |     82,118        0.47      100.00
------------+-----------------------------------
      Total | 17,420,832      100.00

. tab haemmalig_aanaem_bmtrans_lastyr

   Haematol |
malignancy, |
   aplastic |
 anaemia or |
bone marrow |
 transplant |
    in last |
       year |      Freq.     Percent        Cum.
------------+-----------------------------------
          0 | 17,353,031       99.61       99.61
          1 |     67,801        0.39      100.00
------------+-----------------------------------
      Total | 17,420,832      100.00

. tab chronic_liver_disease

    Chronic |
      liver |
    disease |      Freq.     Percent        Cum.
------------+-----------------------------------
          0 | 17,306,036       99.34       99.34
          1 |    114,796        0.66      100.00
------------+-----------------------------------
      Total | 17,420,832      100.00

. tab other_neuro

      Neuro |
  condition |
 other than |
stroke/deme |
       ntia |      Freq.     Percent        Cum.
------------+-----------------------------------
          0 | 17,247,898       99.01       99.01
          1 |    172,934        0.99      100.00
------------+-----------------------------------
      Total | 17,420,832      100.00

. tab chronic_kidney_disease

     Kidney |
    disease |      Freq.     Percent        Cum.
------------+-----------------------------------
          0 | 16,550,111       95.00       95.00
          1 |    870,721        5.00      100.00
------------+-----------------------------------
      Total | 17,420,832      100.00

. tab organ_transplant

      Organ |
 transplant |
  recipient |      Freq.     Percent        Cum.
------------+-----------------------------------
          0 | 17,400,622       99.88       99.88
          1 |     20,210        0.12      100.00
------------+-----------------------------------
      Total | 17,420,832      100.00

. tab chronic_kidney_disease

     Kidney |
    disease |      Freq.     Percent        Cum.
------------+-----------------------------------
          0 | 16,550,111       95.00       95.00
          1 |    870,721        5.00      100.00
------------+-----------------------------------
      Total | 17,420,832      100.00

. tab organ_transplant

      Organ |
 transplant |
  recipient |      Freq.     Percent        Cum.
------------+-----------------------------------
          0 | 17,400,622       99.88       99.88
          1 |     20,210        0.12      100.00
------------+-----------------------------------
      Total | 17,420,832      100.00

. tab spleen

     Spleen |
   problems |
(dysplenia, |
     sickle |
      cell) |      Freq.     Percent        Cum.
------------+-----------------------------------
          0 | 17,392,571       99.84       99.84
          1 |     28,261        0.16      100.00
------------+-----------------------------------
      Total | 17,420,832      100.00

. tab ra_sle_psoriasis

   RA, SLE, |
  Psoriasis |
(autoimmune |
   disease) |      Freq.     Percent        Cum.
------------+-----------------------------------
          0 | 16,534,494       94.91       94.91
          1 |    886,338        5.09      100.00
------------+-----------------------------------
      Total | 17,420,832      100.00

. tab dementia

   dementia |      Freq.     Percent        Cum.
------------+-----------------------------------
          0 | 17,378,759       99.76       99.76
          1 |     42,073        0.24      100.00
------------+-----------------------------------
      Total | 17,420,832      100.00

. tab stroke

     stroke |      Freq.     Percent        Cum.
------------+-----------------------------------
          0 | 17,071,371       97.99       97.99
          1 |    349,461        2.01      100.00
------------+-----------------------------------
      Total | 17,420,832      100.00

. tab stroke_dementia

  Stroke or |
   dementia |      Freq.     Percent        Cum.
------------+-----------------------------------
          0 | 17,043,231       97.83       97.83
          1 |    377,601        2.17      100.00
------------+-----------------------------------
      Total | 17,420,832      100.00

. * tab immunosuppressed
.                                                     
. tab bpcat

 Grouped blood |
      pressure |      Freq.     Percent        Cum.
---------------+-----------------------------------
        Normal |  5,590,903       32.09       32.09
      Elevated |  2,504,371       14.38       46.47
 High, stage I |  5,569,836       31.97       78.44
High, stage II |  3,755,722       21.56      100.00
---------------+-----------------------------------
         Total | 17,420,832      100.00

. 
. *summ bp_sys,  detail
. *summ bp_dias, detail
. 
. tab imd 

   Index of |
   Multiple |
Deprivation |
      (IMD) |      Freq.     Percent        Cum.
------------+-----------------------------------
          1 |  3,342,763       19.34       19.34
          2 |  3,479,242       20.13       39.47
          3 |  3,483,284       20.15       59.62
          4 |  3,478,604       20.12       79.74
          5 |  3,501,396       20.26      100.00
------------+-----------------------------------
      Total | 17,285,289      100.00

. tab imd, m

   Index of |
   Multiple |
Deprivation |
      (IMD) |      Freq.     Percent        Cum.
------------+-----------------------------------
          1 |  3,342,763       19.19       19.19
          2 |  3,479,242       19.97       39.16
          3 |  3,483,284       19.99       59.15
          4 |  3,478,604       19.97       79.12
          5 |  3,501,396       20.10       99.22
    Unknown |    135,543        0.78      100.00
------------+-----------------------------------
      Total | 17,420,832      100.00

. tab ethnicity

  Ethnicity |      Freq.     Percent        Cum.
------------+-----------------------------------
      White | 10,961,052       85.47       85.47
South Asian |    170,729        1.33       86.81
      Black |  1,028,813        8.02       94.83
      Other |    342,239        2.67       97.50
      Mixed |    320,915        2.50      100.00
------------+-----------------------------------
      Total | 12,823,748      100.00

. tab ethnicity, m

  Ethnicity |      Freq.     Percent        Cum.
------------+-----------------------------------
      White | 10,961,052       62.92       62.92
South Asian |    170,729        0.98       63.90
      Black |  1,028,813        5.91       69.80
      Other |    342,239        1.96       71.77
      Mixed |    320,915        1.84       73.61
          . |  4,597,084       26.39      100.00
------------+-----------------------------------
      Total | 17,420,832      100.00

. *tab urban
. 
. 
. * Outcomes
. tab onscoviddeath

Failure/cen |
     soring |
  indicator |
        for |
   outcome: |
  ONS covid |
      death |      Freq.     Percent        Cum.
------------+-----------------------------------
          0 | 17,419,680       99.99       99.99
          1 |      1,152        0.01      100.00
------------+-----------------------------------
      Total | 17,420,832      100.00

. tab cpnsdeath

Failure/cen |
     soring |
  indicator |
        for |
   outcome: |
 CPNS covid |
      death |      Freq.     Percent        Cum.
------------+-----------------------------------
          0 | 17,416,823       99.98       99.98
          1 |      4,009        0.02      100.00
------------+-----------------------------------
      Total | 17,420,832      100.00

. tab ituadmission

Failure/cen |
     soring |
  indicator |
        for |
   outcome: |
        ITU |
  admission |      Freq.     Percent        Cum.
------------+-----------------------------------
          0 | 17,419,734       99.99       99.99
          1 |      1,098        0.01      100.00
------------+-----------------------------------
      Total | 17,420,832      100.00

. * tab ecds
. 
. 
. 
. 
. **********************************
. *  Number (%) with each outcome  *
. **********************************
. 
. foreach outvar of varlist onscoviddeath cpnsdeath ituadmission {
  2. 
. *** Repeat for each outcome
. 
.         * Demographics
.         tab agegroup                                                    `out
> var', col
  3.         tab male                                                         
>        `outvar', col
  4.         tab bmicat                                                       
>        `outvar', col m 
  5.         tab smoke                                                        
>        `outvar', col m
  6.         tab obese                                                        
>        `outvar', col m 
  7.         tab current                                                      
>        `outvar', col m
  8. 
.         * Comorbidities
.         tab chronic_respiratory_disease                 `outvar', col
  9.         tab asthma                                                       
>        `outvar', col
 10.         tab chronic_cardiac_disease                     `outvar', col
 11.         tab diabetes                                                    `
> outvar', col
 12.         tab cancer_exhaem_lastyr                                `outvar',
>  col
 13. 
.         tab haemmalig_aanaem_bmtrans_lastyr     `outvar', col
 14.         tab chronic_liver_disease                               `outvar',
>  col
 15.         tab other_neuro                                                 `
> outvar', col
 16.         tab chronic_kidney_disease                              `outvar',
>  col
 17.         tab organ_transplant                                    `outvar',
>  col
 18.         tab spleen                                                       
>        `outvar', col
 19.         tab ra_sle_psoriasis                                    `outvar',
>  col
 20.         
.         tab imd                                                             
>     `outvar', col
 21.         tab ethnicity                                                   `
> outvar', col m
 22.         *tab urban                                                       
>        `outvar', col
. }

+-------------------+
| Key               |
|-------------------|
|     frequency     |
| column percentage |
+-------------------+
						***ALEX - THERE IS A 5 HERE BUT I THINK WE're JUST SAYING <5?***
						AW: AMIR ADVISES THAT <=5 IS SAFER FOR NOW
           |   Failure/censoring
           |     indicator for
           |  outcome: ONS covid
   Grouped |         death
       age |         0          1 |     Total
-----------+----------------------+----------
***REDACTED DUE TO SMALL NUMBERS***

+-------------------+
| Key               |
|-------------------|
|     frequency     |
| column percentage |
+-------------------+

           |   Failure/censoring
           |     indicator for
           |  outcome: ONS covid
           |         death
      Male |         0          1 |     Total
-----------+----------------------+----------
         0 | 8,726,554        425 | 8,726,979 
           |     50.10      36.89 |     50.10 
-----------+----------------------+----------
         1 | 8,693,126        727 | 8,693,853 
           |     49.90      63.11 |     49.90 
-----------+----------------------+----------
     Total |17,419,680      1,152 |17,420,832 
           |    100.00     100.00 |    100.00 

+-------------------+
| Key               |
|-------------------|
|     frequency     |
| column percentage |
+-------------------+

                     |   Failure/censoring
                     |     indicator for
                     |  outcome: ONS covid
                     |         death
         Grouped BMI |         0          1 |     Total
---------------------+----------------------+----------
 Underweight (<18.5) |   314,009         28 |   314,037 
                     |      1.80       2.43 |      1.80 
---------------------+----------------------+----------
  Normal (18.5-24.9) | 4,811,199        288 | 4,811,487 
                     |     27.62      25.00 |     27.62 
---------------------+----------------------+----------
Overweight (25-29.9) | 4,726,805        363 | 4,727,168 
                     |     27.13      31.51 |     27.14 
---------------------+----------------------+----------
   Obese I (30-34.9) | 2,405,589        241 | 2,405,830 
                     |     13.81      20.92 |     13.81 
---------------------+----------------------+----------
  Obese II (35-39.9) |   930,127         84 |   930,211 
                     |      5.34       7.29 |      5.34 
---------------------+----------------------+----------
     Obese III (40+) |   467,046         47 |   467,093 
                     |      2.68       4.08 |      2.68 
---------------------+----------------------+----------
        Unknown (.u) | 3,764,905        101 | 3,765,006 
                     |     21.61       8.77 |     21.61 
---------------------+----------------------+----------
               Total |17,419,680      1,152 |17,420,832 
                     |    100.00     100.00 |    100.00 

+-------------------+
| Key               |
|-------------------|
|     frequency     |
| column percentage |
+-------------------+

             |   Failure/censoring
             |     indicator for
             |  outcome: ONS covid
     Smoking |         death
      status |         0          1 |     Total
-------------+----------------------+----------
       Never | 5,685,995        220 | 5,686,215 
             |     32.64      19.10 |     32.64 
-------------+----------------------+----------
      Former | 7,224,406        791 | 7,225,197 
             |     41.47      68.66 |     41.47 
-------------+----------------------+----------
     Current | 3,821,788        134 | 3,821,922 
             |     21.94      11.63 |     21.94 
-------------+----------------------+----------
Unknown (.u) |   687,491          7 |   687,498 
             |      3.95       0.61 |      3.95 
-------------+----------------------+----------
       Total |17,419,680      1,152 |17,420,832 
             |    100.00     100.00 |    100.00 

+-------------------+
| Key               |
|-------------------|
|     frequency     |
| column percentage |
+-------------------+

           |   Failure/censoring
           |     indicator for
  Severely |  outcome: ONS covid
obese (cat |         death
        3) |         0          1 |     Total
-----------+----------------------+----------
         0 |16,952,634      1,105 |16,953,739 
           |     97.32      95.92 |     97.32 
-----------+----------------------+----------
         1 |   467,046         47 |   467,093 
           |      2.68       4.08 |      2.68 
-----------+----------------------+----------
     Total |17,419,680      1,152 |17,420,832 
           |    100.00     100.00 |    100.00 

+-------------------+
| Key               |
|-------------------|
|     frequency     |
| column percentage |
+-------------------+

           |   Failure/censoring
           |     indicator for
           |  outcome: ONS covid
   Current |         death
    smoker |         0          1 |     Total
-----------+----------------------+----------
         0 |13,597,892      1,018 |13,598,910 
           |     78.06      88.37 |     78.06 
-----------+----------------------+----------
         1 | 3,821,788        134 | 3,821,922 
           |     21.94      11.63 |     21.94 
-----------+----------------------+----------
     Total |17,419,680      1,152 |17,420,832 
           |    100.00     100.00 |    100.00 

+-------------------+
| Key               |
|-------------------|
|     frequency     |
| column percentage |
+-------------------+

           |   Failure/censoring
Respirator |     indicator for
 y disease |  outcome: ONS covid
    (excl. |         death
   asthma) |         0          1 |     Total
-----------+----------------------+----------
         0 |16,704,427        866 |16,705,293 
           |     95.89      75.17 |     95.89 
-----------+----------------------+----------
         1 |   715,253        286 |   715,539 
           |      4.11      24.83 |      4.11 
-----------+----------------------+----------
     Total |17,419,680      1,152 |17,420,832 
           |    100.00     100.00 |    100.00 

+-------------------+
| Key               |
|-------------------|
|     frequency     |
| column percentage |
+-------------------+

           |   Failure/censoring
           |     indicator for
           |  outcome: ONS covid
           |         death
    Asthma |         0          1 |     Total
-----------+----------------------+----------
         0 |15,938,502        980 |15,939,482 
           |     91.50      85.07 |     91.50 
-----------+----------------------+----------
         1 | 1,481,178        172 | 1,481,350 
           |      8.50      14.93 |      8.50 
-----------+----------------------+----------
     Total |17,419,680      1,152 |17,420,832 
           |    100.00     100.00 |    100.00 

+-------------------+
| Key               |
|-------------------|
|     frequency     |
| column percentage |
+-------------------+

           |   Failure/censoring
           |     indicator for
           |  outcome: ONS covid
     Heart |         death
   disease |         0          1 |     Total
-----------+----------------------+----------
         0 |16,239,740        713 |16,240,453 
           |     93.23      61.89 |     93.22 
-----------+----------------------+----------
         1 | 1,179,940        439 | 1,180,379 
           |      6.77      38.11 |      6.78 
-----------+----------------------+----------
     Total |17,419,680      1,152 |17,420,832 
           |    100.00     100.00 |    100.00 

+-------------------+
| Key               |
|-------------------|
|     frequency     |
| column percentage |
+-------------------+

           |   Failure/censoring
           |     indicator for
           |  outcome: ONS covid
           |         death
  Diabetes |         0          1 |     Total
-----------+----------------------+----------
         0 |15,688,075        658 |15,688,733 
           |     90.06      57.12 |     90.06 
-----------+----------------------+----------
         1 | 1,731,605        494 | 1,732,099 
           |      9.94      42.88 |      9.94 
-----------+----------------------+----------
     Total |17,419,680      1,152 |17,420,832 
           |    100.00     100.00 |    100.00 

+-------------------+
| Key               |
|-------------------|
|     frequency     |
| column percentage |
+-------------------+

    Cancer |   Failure/censoring
other than |     indicator for
haematolog |  outcome: ONS covid
   ical in |         death
 last year |         0          1 |     Total
-----------+----------------------+----------
         0 |17,337,593      1,121 |17,338,714 
           |     99.53      97.31 |     99.53 
-----------+----------------------+----------
         1 |    82,087         31 |    82,118 
           |      0.47       2.69 |      0.47 
-----------+----------------------+----------
     Total |17,419,680      1,152 |17,420,832 
           |    100.00     100.00 |    100.00 

+-------------------+
| Key               |
|-------------------|
|     frequency     |
| column percentage |
+-------------------+

  Haematol |
malignancy |
, aplastic |
anaemia or |
      bone |   Failure/censoring
    marrow |     indicator for
transplant |  outcome: ONS covid
   in last |         death
      year |         0          1 |     Total
-----------+----------------------+----------
         0 |17,351,904      1,127 |17,353,031 
           |     99.61      97.83 |     99.61 
-----------+----------------------+----------
         1 |    67,776         25 |    67,801 
           |      0.39       2.17 |      0.39 
-----------+----------------------+----------
     Total |17,419,680      1,152 |17,420,832 
           |    100.00     100.00 |    100.00 

+-------------------+
| Key               |
|-------------------|
|     frequency     |
| column percentage |
+-------------------+

           |   Failure/censoring
           |     indicator for
   Chronic |  outcome: ONS covid
     liver |         death
   disease |         0          1 |     Total
-----------+----------------------+----------
         0 |17,304,910      1,126 |17,306,036 
           |     99.34      97.74 |     99.34 
-----------+----------------------+----------
         1 |   114,770         26 |   114,796 
           |      0.66       2.26 |      0.66 
-----------+----------------------+----------
     Total |17,419,680      1,152 |17,420,832 
           |    100.00     100.00 |    100.00 

+-------------------+
| Key               |
|-------------------|
|     frequency     |
| column percentage |
+-------------------+

     Neuro |   Failure/censoring
 condition |     indicator for
other than |  outcome: ONS covid
stroke/dem |         death
     entia |         0          1 |     Total
-----------+----------------------+----------
         0 |17,246,805      1,093 |17,247,898 
           |     99.01      94.88 |     99.01 
-----------+----------------------+----------
         1 |   172,875         59 |   172,934 
           |      0.99       5.12 |      0.99 
-----------+----------------------+----------
     Total |17,419,680      1,152 |17,420,832 
           |    100.00     100.00 |    100.00 

+-------------------+
| Key               |
|-------------------|
|     frequency     |
| column percentage |
+-------------------+

           |   Failure/censoring
           |     indicator for
           |  outcome: ONS covid
    Kidney |         death
   disease |         0          1 |     Total
-----------+----------------------+----------
         0 |16,549,013      1,098 |16,550,111 
           |     95.00      95.31 |     95.00 
-----------+----------------------+----------
         1 |   870,667         54 |   870,721 
           |      5.00       4.69 |      5.00 
-----------+----------------------+----------
     Total |17,419,680      1,152 |17,420,832 
           |    100.00     100.00 |    100.00 

+-------------------+
| Key               |
|-------------------|
|     frequency     |
| column percentage |
+-------------------+

           |   Failure/censoring
           |     indicator for
     Organ |  outcome: ONS covid
transplant |         death
 recipient |         0          1 |     Total
-----------+----------------------+----------

***REDACTED DUE TO SMALL NUMBERS***


+-------------------+
| Key               |
|-------------------|
|     frequency     |
| column percentage |
+-------------------+

    Spleen |   Failure/censoring
  problems |     indicator for
(dysplenia |  outcome: ONS covid
  , sickle |         death
     cell) |         0          1 |     Total
-----------+----------------------+----------
         0 |17,391,427      1,144 |17,392,571 
           |     99.84      99.31 |     99.84 
-----------+----------------------+----------
         1 |    28,253          8 |    28,261 
           |      0.16       0.69 |      0.16 
-----------+----------------------+----------
     Total |17,419,680      1,152 |17,420,832 
           |    100.00     100.00 |    100.00 

+-------------------+
| Key               |
|-------------------|
|     frequency     |
| column percentage |
+-------------------+

           |   Failure/censoring
  RA, SLE, |     indicator for
 Psoriasis |  outcome: ONS covid
(autoimmun |         death
e disease) |         0          1 |     Total
-----------+----------------------+----------
         0 |16,533,465      1,029 |16,534,494 
           |     94.91      89.32 |     94.91 
-----------+----------------------+----------
         1 |   886,215        123 |   886,338 
           |      5.09      10.68 |      5.09 
-----------+----------------------+----------
     Total |17,419,680      1,152 |17,420,832 
           |    100.00     100.00 |    100.00 

+-------------------+
| Key               |
|-------------------|
|     frequency     |
| column percentage |
+-------------------+

           |   Failure/censoring
  Index of |     indicator for
  Multiple |  outcome: ONS covid
Deprivatio |         death
   n (IMD) |         0          1 |     Total
-----------+----------------------+----------
         1 | 3,342,524        239 | 3,342,763 
           |     19.34      20.86 |     19.34 
-----------+----------------------+----------
         2 | 3,478,992        250 | 3,479,242 
           |     20.13      21.82 |     20.13 
-----------+----------------------+----------
         3 | 3,483,054        230 | 3,483,284 
           |     20.15      20.07 |     20.15 
-----------+----------------------+----------
         4 | 3,478,393        211 | 3,478,604 
           |     20.12      18.41 |     20.12 
-----------+----------------------+----------
         5 | 3,501,180        216 | 3,501,396 
           |     20.26      18.85 |     20.26 
-----------+----------------------+----------
     Total |17,284,143      1,146 |17,285,289 
           |    100.00     100.00 |    100.00 

+-------------------+
| Key               |
|-------------------|
|     frequency     |
| column percentage |
+-------------------+

            |   Failure/censoring
            |     indicator for
            |  outcome: ONS covid
            |         death
  Ethnicity |         0          1 |     Total
------------+----------------------+----------
      White |10,960,359        693 |10,961,052 
            |     62.92      60.16 |     62.92 
------------+----------------------+----------
South Asian |   170,719         10 |   170,729 
            |      0.98       0.87 |      0.98 
------------+----------------------+----------
      Black | 1,028,702        111 | 1,028,813 
            |      5.91       9.64 |      5.91 
------------+----------------------+----------
      Other |   342,207         32 |   342,239 
            |      1.96       2.78 |      1.96 
------------+----------------------+----------
      Mixed |   320,892         23 |   320,915 
            |      1.84       2.00 |      1.84 
------------+----------------------+----------
          . | 4,596,801        283 | 4,597,084 
            |     26.39      24.57 |     26.39 
------------+----------------------+----------
      Total |17,419,680      1,152 |17,420,832 
            |    100.00     100.00 |    100.00 

+-------------------+
| Key               |
|-------------------|
|     frequency     |
| column percentage |
+-------------------+

           |   Failure/censoring
           |     indicator for
           |  outcome: CPNS covid
   Grouped |         death
       age |         0          1 |     Total
-----------+----------------------+----------
    18-<40 | 5,974,007         25 | 5,974,032 
           |     34.30       0.62 |     34.29 
-----------+----------------------+----------
    40-<50 | 2,871,864         66 | 2,871,930 
           |     16.49       1.65 |     16.49 
-----------+----------------------+----------
    50-<60 | 3,067,669        243 | 3,067,912 
           |     17.61       6.06 |     17.61 
-----------+----------------------+----------
    60-<70 | 2,405,727        488 | 2,406,215 
           |     13.81      12.17 |     13.81 
-----------+----------------------+----------
    70-<80 | 1,950,862      1,153 | 1,952,015 
           |     11.20      28.76 |     11.21 
-----------+----------------------+----------
       80+ | 1,146,694      2,034 | 1,148,728 
           |      6.58      50.74 |      6.59 
-----------+----------------------+----------
     Total |17,416,823      4,009 |17,420,832 
           |    100.00     100.00 |    100.00 

+-------------------+
| Key               |
|-------------------|
|     frequency     |
| column percentage |
+-------------------+

           |   Failure/censoring
           |     indicator for
           |  outcome: CPNS covid
           |         death
      Male |         0          1 |     Total
-----------+----------------------+----------
         0 | 8,725,532      1,447 | 8,726,979 
           |     50.10      36.09 |     50.10 
-----------+----------------------+----------
         1 | 8,691,291      2,562 | 8,693,853 
           |     49.90      63.91 |     49.90 
-----------+----------------------+----------
     Total |17,416,823      4,009 |17,420,832 
           |    100.00     100.00 |    100.00 

+-------------------+
| Key               |
|-------------------|
|     frequency     |
| column percentage |
+-------------------+

                     |   Failure/censoring
                     |     indicator for
                     |  outcome: CPNS covid
                     |         death
         Grouped BMI |         0          1 |     Total
---------------------+----------------------+----------
 Underweight (<18.5) |   313,929        108 |   314,037 
                     |      1.80       2.69 |      1.80 
---------------------+----------------------+----------
  Normal (18.5-24.9) | 4,810,464      1,023 | 4,811,487 
                     |     27.62      25.52 |     27.62 
---------------------+----------------------+----------
Overweight (25-29.9) | 4,726,000      1,168 | 4,727,168 
                     |     27.13      29.13 |     27.14 
---------------------+----------------------+----------
   Obese I (30-34.9) | 2,405,003        827 | 2,405,830 
                     |     13.81      20.63 |     13.81 
---------------------+----------------------+----------
  Obese II (35-39.9) |   929,877        334 |   930,211 
                     |      5.34       8.33 |      5.34 
---------------------+----------------------+----------
     Obese III (40+) |   466,885        208 |   467,093 
                     |      2.68       5.19 |      2.68 
---------------------+----------------------+----------
        Unknown (.u) | 3,764,665        341 | 3,765,006 
                     |     21.62       8.51 |     21.61 
---------------------+----------------------+----------
               Total |17,416,823      4,009 |17,420,832 
                     |    100.00     100.00 |    100.00 

+-------------------+
| Key               |
|-------------------|
|     frequency     |
| column percentage |
+-------------------+

             |   Failure/censoring
             |     indicator for
             |  outcome: CPNS covid
     Smoking |         death
      status |         0          1 |     Total
-------------+----------------------+----------
       Never | 5,685,491        724 | 5,686,215 
             |     32.64      18.06 |     32.64 
-------------+----------------------+----------
      Former | 7,222,419      2,778 | 7,225,197 
             |     41.47      69.29 |     41.47 
-------------+----------------------+----------
     Current | 3,821,430        492 | 3,821,922 
             |     21.94      12.27 |     21.94 
-------------+----------------------+----------
Unknown (.u) |   687,483         15 |   687,498 
             |      3.95       0.37 |      3.95 
-------------+----------------------+----------
       Total |17,416,823      4,009 |17,420,832 
             |    100.00     100.00 |    100.00 

+-------------------+
| Key               |
|-------------------|
|     frequency     |
| column percentage |
+-------------------+

           |   Failure/censoring
           |     indicator for
  Severely |  outcome: CPNS covid
obese (cat |         death
        3) |         0          1 |     Total
-----------+----------------------+----------
         0 |16,949,938      3,801 |16,953,739 
           |     97.32      94.81 |     97.32 
-----------+----------------------+----------
         1 |   466,885        208 |   467,093 
           |      2.68       5.19 |      2.68 
-----------+----------------------+----------
     Total |17,416,823      4,009 |17,420,832 
           |    100.00     100.00 |    100.00 

+-------------------+
| Key               |
|-------------------|
|     frequency     |
| column percentage |
+-------------------+

           |   Failure/censoring
           |     indicator for
           |  outcome: CPNS covid
   Current |         death
    smoker |         0          1 |     Total
-----------+----------------------+----------
         0 |13,595,393      3,517 |13,598,910 
           |     78.06      87.73 |     78.06 
-----------+----------------------+----------
         1 | 3,821,430        492 | 3,821,922 
           |     21.94      12.27 |     21.94 
-----------+----------------------+----------
     Total |17,416,823      4,009 |17,420,832 
           |    100.00     100.00 |    100.00 

+-------------------+
| Key               |
|-------------------|
|     frequency     |
| column percentage |
+-------------------+

           |   Failure/censoring
Respirator |     indicator for
 y disease |  outcome: CPNS covid
    (excl. |         death
   asthma) |         0          1 |     Total
-----------+----------------------+----------
         0 |16,702,232      3,061 |16,705,293 
           |     95.90      76.35 |     95.89 
-----------+----------------------+----------
         1 |   714,591        948 |   715,539 
           |      4.10      23.65 |      4.11 
-----------+----------------------+----------
     Total |17,416,823      4,009 |17,420,832 
           |    100.00     100.00 |    100.00 

+-------------------+
| Key               |
|-------------------|
|     frequency     |
| column percentage |
+-------------------+

           |   Failure/censoring
           |     indicator for
           |  outcome: CPNS covid
           |         death
    Asthma |         0          1 |     Total
-----------+----------------------+----------
         0 |15,936,011      3,471 |15,939,482 
           |     91.50      86.58 |     91.50 
-----------+----------------------+----------
         1 | 1,480,812        538 | 1,481,350 
           |      8.50      13.42 |      8.50 
-----------+----------------------+----------
     Total |17,416,823      4,009 |17,420,832 
           |    100.00     100.00 |    100.00 

+-------------------+
| Key               |
|-------------------|
|     frequency     |
| column percentage |
+-------------------+

           |   Failure/censoring
           |     indicator for
           |  outcome: CPNS covid
     Heart |         death
   disease |         0          1 |     Total
-----------+----------------------+----------
         0 |16,237,911      2,542 |16,240,453 
           |     93.23      63.41 |     93.22 
-----------+----------------------+----------
         1 | 1,178,912      1,467 | 1,180,379 
           |      6.77      36.59 |      6.78 
-----------+----------------------+----------
     Total |17,416,823      4,009 |17,420,832 
           |    100.00     100.00 |    100.00 

+-------------------+
| Key               |
|-------------------|
|     frequency     |
| column percentage |
+-------------------+

           |   Failure/censoring
           |     indicator for
           |  outcome: CPNS covid
           |         death
  Diabetes |         0          1 |     Total
-----------+----------------------+----------
         0 |15,686,446      2,287 |15,688,733 
           |     90.06      57.05 |     90.06 
-----------+----------------------+----------
         1 | 1,730,377      1,722 | 1,732,099 
           |      9.94      42.95 |      9.94 
-----------+----------------------+----------
     Total |17,416,823      4,009 |17,420,832 
           |    100.00     100.00 |    100.00 

+-------------------+
| Key               |
|-------------------|
|     frequency     |
| column percentage |
+-------------------+

    Cancer |   Failure/censoring
other than |     indicator for
haematolog |  outcome: CPNS covid
   ical in |         death
 last year |         0          1 |     Total
-----------+----------------------+----------
         0 |17,334,782      3,932 |17,338,714 
           |     99.53      98.08 |     99.53 
-----------+----------------------+----------
         1 |    82,041         77 |    82,118 
           |      0.47       1.92 |      0.47 
-----------+----------------------+----------
     Total |17,416,823      4,009 |17,420,832 
           |    100.00     100.00 |    100.00 

+-------------------+
| Key               |
|-------------------|
|     frequency     |
| column percentage |
+-------------------+

  Haematol |
malignancy |
, aplastic |
anaemia or |
      bone |   Failure/censoring
    marrow |     indicator for
transplant |  outcome: CPNS covid
   in last |         death
      year |         0          1 |     Total
-----------+----------------------+----------
         0 |17,349,120      3,911 |17,353,031 
           |     99.61      97.56 |     99.61 
-----------+----------------------+----------
         1 |    67,703         98 |    67,801 
           |      0.39       2.44 |      0.39 
-----------+----------------------+----------
     Total |17,416,823      4,009 |17,420,832 
           |    100.00     100.00 |    100.00 

+-------------------+
| Key               |
|-------------------|
|     frequency     |
| column percentage |
+-------------------+

           |   Failure/censoring
           |     indicator for
   Chronic |  outcome: CPNS covid
     liver |         death
   disease |         0          1 |     Total
-----------+----------------------+----------
         0 |17,302,108      3,928 |17,306,036 
           |     99.34      97.98 |     99.34 
-----------+----------------------+----------
         1 |   114,715         81 |   114,796 
           |      0.66       2.02 |      0.66 
-----------+----------------------+----------
     Total |17,416,823      4,009 |17,420,832 
           |    100.00     100.00 |    100.00 

+-------------------+
| Key               |
|-------------------|
|     frequency     |
| column percentage |
+-------------------+

     Neuro |   Failure/censoring
 condition |     indicator for
other than |  outcome: CPNS covid
stroke/dem |         death
     entia |         0          1 |     Total
-----------+----------------------+----------
         0 |17,244,102      3,796 |17,247,898 
           |     99.01      94.69 |     99.01 
-----------+----------------------+----------
         1 |   172,721        213 |   172,934 
           |      0.99       5.31 |      0.99 
-----------+----------------------+----------
     Total |17,416,823      4,009 |17,420,832 
           |    100.00     100.00 |    100.00 

+-------------------+
| Key               |
|-------------------|
|     frequency     |
| column percentage |
+-------------------+

           |   Failure/censoring
           |     indicator for
           |  outcome: CPNS covid
    Kidney |         death
   disease |         0          1 |     Total
-----------+----------------------+----------
         0 |16,546,295      3,816 |16,550,111 
           |     95.00      95.19 |     95.00 
-----------+----------------------+----------
         1 |   870,528        193 |   870,721 
           |      5.00       4.81 |      5.00 
-----------+----------------------+----------
     Total |17,416,823      4,009 |17,420,832 
           |    100.00     100.00 |    100.00 

+-------------------+
| Key               |
|-------------------|
|     frequency     |
| column percentage |
+-------------------+

           |   Failure/censoring
           |     indicator for
     Organ |  outcome: CPNS covid
transplant |         death
 recipient |         0          1 |     Total
-----------+----------------------+----------
         0 |17,396,647      3,975 |17,400,622 
           |     99.88      99.15 |     99.88 
-----------+----------------------+----------
         1 |    20,176         34 |    20,210 
           |      0.12       0.85 |      0.12 
-----------+----------------------+----------
     Total |17,416,823      4,009 |17,420,832 
           |    100.00     100.00 |    100.00 

+-------------------+
| Key               |
|-------------------|
|     frequency     |
| column percentage |
+-------------------+

    Spleen |   Failure/censoring
  problems |     indicator for
(dysplenia |  outcome: CPNS covid
  , sickle |         death
     cell) |         0          1 |     Total
-----------+----------------------+----------
         0 |17,388,581      3,990 |17,392,571 
           |     99.84      99.53 |     99.84 
-----------+----------------------+----------
         1 |    28,242         19 |    28,261 
           |      0.16       0.47 |      0.16 
-----------+----------------------+----------
     Total |17,416,823      4,009 |17,420,832 
           |    100.00     100.00 |    100.00 

+-------------------+
| Key               |
|-------------------|
|     frequency     |
| column percentage |
+-------------------+

           |   Failure/censoring
  RA, SLE, |     indicator for
 Psoriasis |  outcome: CPNS covid
(autoimmun |         death
e disease) |         0          1 |     Total
-----------+----------------------+----------
         0 |16,530,862      3,632 |16,534,494 
           |     94.91      90.60 |     94.91 
-----------+----------------------+----------
         1 |   885,961        377 |   886,338 
           |      5.09       9.40 |      5.09 
-----------+----------------------+----------
     Total |17,416,823      4,009 |17,420,832 
           |    100.00     100.00 |    100.00 

+-------------------+
| Key               |
|-------------------|
|     frequency     |
| column percentage |
+-------------------+

           |   Failure/censoring
  Index of |     indicator for
  Multiple |  outcome: CPNS covid
Deprivatio |         death
   n (IMD) |         0          1 |     Total
-----------+----------------------+----------
         1 | 3,341,836        927 | 3,342,763 
           |     19.34      23.22 |     19.34 
-----------+----------------------+----------
         2 | 3,478,388        854 | 3,479,242 
           |     20.13      21.39 |     20.13 
-----------+----------------------+----------
         3 | 3,482,492        792 | 3,483,284 
           |     20.15      19.84 |     20.15 
-----------+----------------------+----------
         4 | 3,477,882        722 | 3,478,604 
           |     20.13      18.09 |     20.12 
-----------+----------------------+----------
         5 | 3,500,699        697 | 3,501,396 
           |     20.26      17.46 |     20.26 
-----------+----------------------+----------
     Total |17,281,297      3,992 |17,285,289 
           |    100.00     100.00 |    100.00 

+-------------------+
| Key               |
|-------------------|
|     frequency     |
| column percentage |
+-------------------+

            |   Failure/censoring
            |     indicator for
            |  outcome: CPNS covid
            |         death
  Ethnicity |         0          1 |     Total
------------+----------------------+----------
      White |10,958,559      2,493 |10,961,052 
            |     62.92      62.19 |     62.92 
------------+----------------------+----------
South Asian |   170,699         30 |   170,729 
            |      0.98       0.75 |      0.98 
------------+----------------------+----------
      Black | 1,028,536        277 | 1,028,813 
            |      5.91       6.91 |      5.91 
------------+----------------------+----------
      Other |   342,124        115 |   342,239 
            |      1.96       2.87 |      1.96 
------------+----------------------+----------
      Mixed |   320,868         47 |   320,915 
            |      1.84       1.17 |      1.84 
------------+----------------------+----------
          . | 4,596,037      1,047 | 4,597,084 
            |     26.39      26.12 |     26.39 
------------+----------------------+----------
      Total |17,416,823      4,009 |17,420,832 
            |    100.00     100.00 |    100.00 

+-------------------+
| Key               |
|-------------------|
|     frequency     |
| column percentage |
+-------------------+

           |   Failure/censoring
           |     indicator for
           |     outcome: ITU
   Grouped |       admission
       age |         0          1 |     Total
-----------+----------------------+----------
    18-<40 | 5,973,944         88 | 5,974,032 
           |     34.29       8.01 |     34.29 
-----------+----------------------+----------
    40-<50 | 2,871,798        132 | 2,871,930 
           |     16.49      12.02 |     16.49 
-----------+----------------------+----------
    50-<60 | 3,067,628        284 | 3,067,912 
           |     17.61      25.87 |     17.61 
-----------+----------------------+----------
    60-<70 | 2,405,891        324 | 2,406,215 
           |     13.81      29.51 |     13.81 
-----------+----------------------+----------
    70-<80 | 1,951,784        231 | 1,952,015 
           |     11.20      21.04 |     11.21 
-----------+----------------------+----------
       80+ | 1,148,689         39 | 1,148,728 
           |      6.59       3.55 |      6.59 
-----------+----------------------+----------
     Total |17,419,734      1,098 |17,420,832 
           |    100.00     100.00 |    100.00 

+-------------------+
| Key               |
|-------------------|
|     frequency     |
| column percentage |
+-------------------+

           |   Failure/censoring
           |     indicator for
           |     outcome: ITU
           |       admission
      Male |         0          1 |     Total
-----------+----------------------+----------
         0 | 8,726,674        305 | 8,726,979 
           |     50.10      27.78 |     50.10 
-----------+----------------------+----------
         1 | 8,693,060        793 | 8,693,853 
           |     49.90      72.22 |     49.90 
-----------+----------------------+----------
     Total |17,419,734      1,098 |17,420,832 
           |    100.00     100.00 |    100.00 

+-------------------+
| Key               |
|-------------------|
|     frequency     |
| column percentage |
+-------------------+

                     |   Failure/censoring
                     |     indicator for
                     |     outcome: ITU
                     |       admission
         Grouped BMI |         0          1 |     Total
---------------------+----------------------+----------
 Underweight (<18.5) |   314,030          7 |   314,037 
                     |      1.80       0.64 |      1.80 
---------------------+----------------------+----------
  Normal (18.5-24.9) | 4,811,382        105 | 4,811,487 
                     |     27.62       9.56 |     27.62 
---------------------+----------------------+----------
Overweight (25-29.9) | 4,726,849        319 | 4,727,168 
                     |     27.14      29.05 |     27.14 
---------------------+----------------------+----------
   Obese I (30-34.9) | 2,405,530        300 | 2,405,830 
                     |     13.81      27.32 |     13.81 
---------------------+----------------------+----------
  Obese II (35-39.9) |   930,081        130 |   930,211 
                     |      5.34      11.84 |      5.34 
---------------------+----------------------+----------
     Obese III (40+) |   466,998         95 |   467,093 
                     |      2.68       8.65 |      2.68 
---------------------+----------------------+----------
        Unknown (.u) | 3,764,864        142 | 3,765,006 
                     |     21.61      12.93 |     21.61 
---------------------+----------------------+----------
               Total |17,419,734      1,098 |17,420,832 
                     |    100.00     100.00 |    100.00 

+-------------------+
| Key               |
|-------------------|
|     frequency     |
| column percentage |
+-------------------+

             |   Failure/censoring
             |     indicator for
             |     outcome: ITU
     Smoking |       admission
      status |         0          1 |     Total
-------------+----------------------+----------
       Never | 5,685,893        322 | 5,686,215 
             |     32.64      29.33 |     32.64 
-------------+----------------------+----------
      Former | 7,224,534        663 | 7,225,197 
             |     41.47      60.38 |     41.47 
-------------+----------------------+----------
     Current | 3,821,818        104 | 3,821,922 
             |     21.94       9.47 |     21.94 
-------------+----------------------+----------
Unknown (.u) |   687,489          9 |   687,498 
             |      3.95       0.82 |      3.95 
-------------+----------------------+----------
       Total |17,419,734      1,098 |17,420,832 
             |    100.00     100.00 |    100.00 

+-------------------+
| Key               |
|-------------------|
|     frequency     |
| column percentage |
+-------------------+

           |   Failure/censoring
           |     indicator for
  Severely |     outcome: ITU
obese (cat |       admission
        3) |         0          1 |     Total
-----------+----------------------+----------
         0 |16,952,736      1,003 |16,953,739 
           |     97.32      91.35 |     97.32 
-----------+----------------------+----------
         1 |   466,998         95 |   467,093 
           |      2.68       8.65 |      2.68 
-----------+----------------------+----------
     Total |17,419,734      1,098 |17,420,832 
           |    100.00     100.00 |    100.00 

+-------------------+
| Key               |
|-------------------|
|     frequency     |
| column percentage |
+-------------------+

           |   Failure/censoring
           |     indicator for
           |     outcome: ITU
   Current |       admission
    smoker |         0          1 |     Total
-----------+----------------------+----------
         0 |13,597,916        994 |13,598,910 
           |     78.06      90.53 |     78.06 
-----------+----------------------+----------
         1 | 3,821,818        104 | 3,821,922 
           |     21.94       9.47 |     21.94 
-----------+----------------------+----------
     Total |17,419,734      1,098 |17,420,832 
           |    100.00     100.00 |    100.00 

+-------------------+
| Key               |
|-------------------|
|     frequency     |
| column percentage |
+-------------------+

           |   Failure/censoring
Respirator |     indicator for
 y disease |     outcome: ITU
    (excl. |       admission
   asthma) |         0          1 |     Total
-----------+----------------------+----------
         0 |16,704,291      1,002 |16,705,293 
           |     95.89      91.26 |     95.89 
-----------+----------------------+----------
         1 |   715,443         96 |   715,539 
           |      4.11       8.74 |      4.11 
-----------+----------------------+----------
     Total |17,419,734      1,098 |17,420,832 
           |    100.00     100.00 |    100.00 

+-------------------+
| Key               |
|-------------------|
|     frequency     |
| column percentage |
+-------------------+

           |   Failure/censoring
           |     indicator for
           |     outcome: ITU
           |       admission
    Asthma |         0          1 |     Total
-----------+----------------------+----------
         0 |15,938,555        927 |15,939,482 
           |     91.50      84.43 |     91.50 
-----------+----------------------+----------
         1 | 1,481,179        171 | 1,481,350 
           |      8.50      15.57 |      8.50 
-----------+----------------------+----------
     Total |17,419,734      1,098 |17,420,832 
           |    100.00     100.00 |    100.00 

+-------------------+
| Key               |
|-------------------|
|     frequency     |
| column percentage |
+-------------------+

           |   Failure/censoring
           |     indicator for
           |     outcome: ITU
     Heart |       admission
   disease |         0          1 |     Total
-----------+----------------------+----------
         0 |16,239,503        950 |16,240,453 
           |     93.22      86.52 |     93.22 
-----------+----------------------+----------
         1 | 1,180,231        148 | 1,180,379 
           |      6.78      13.48 |      6.78 
-----------+----------------------+----------
     Total |17,419,734      1,098 |17,420,832 
           |    100.00     100.00 |    100.00 

+-------------------+
| Key               |
|-------------------|
|     frequency     |
| column percentage |
+-------------------+

           |   Failure/censoring
           |     indicator for
           |     outcome: ITU
           |       admission
  Diabetes |         0          1 |     Total
-----------+----------------------+----------
         0 |15,687,985        748 |15,688,733 
           |     90.06      68.12 |     90.06 
-----------+----------------------+----------
         1 | 1,731,749        350 | 1,732,099 
           |      9.94      31.88 |      9.94 
-----------+----------------------+----------
     Total |17,419,734      1,098 |17,420,832 
           |    100.00     100.00 |    100.00 

+-------------------+
| Key               |
|-------------------|
|     frequency     |
| column percentage |
+-------------------+

    Cancer |   Failure/censoring
other than |     indicator for
haematolog |     outcome: ITU
   ical in |       admission
 last year |         0          1 |     Total
-----------+----------------------+----------
         0 |17,337,623      1,091 |17,338,714 
           |     99.53      99.36 |     99.53 
-----------+----------------------+----------
         1 |    82,111          7 |    82,118 
           |      0.47       0.64 |      0.47 
-----------+----------------------+----------
     Total |17,419,734      1,098 |17,420,832 
           |    100.00     100.00 |    100.00 

+-------------------+
| Key               |
|-------------------|
|     frequency     |
| column percentage |
+-------------------+

  Haematol |
malignancy |
, aplastic |
anaemia or |
      bone |   Failure/censoring
    marrow |     indicator for
transplant |     outcome: ITU
   in last |       admission
      year |         0          1 |     Total
-----------+----------------------+----------
         0 |17,351,950      1,081 |17,353,031 
           |     99.61      98.45 |     99.61 
-----------+----------------------+----------
         1 |    67,784         17 |    67,801 
           |      0.39       1.55 |      0.39 
-----------+----------------------+----------
     Total |17,419,734      1,098 |17,420,832 
           |    100.00     100.00 |    100.00 

+-------------------+
| Key               |
|-------------------|
|     frequency     |
| column percentage |
+-------------------+
						***ALEX - THERE IS A 5 HERE BUT I THINK WE'RE JUST SAYING <5?***
						AW: REDACTING <=5 AT THE MOMENT
           |   Failure/censoring
           |     indicator for
   Chronic |     outcome: ITU
     liver |       admission
   disease |         0          1 |     Total
-----------+----------------------+----------
***REDACTED DUE TO SMALL NUMBERS***


+-------------------+
| Key               |
|-------------------|
|     frequency     |
| column percentage |
+-------------------+

     Neuro |   Failure/censoring
 condition |     indicator for
other than |     outcome: ITU
stroke/dem |       admission
     entia |         0          1 |     Total
-----------+----------------------+----------
         0 |17,246,813      1,085 |17,247,898 
           |     99.01      98.82 |     99.01 
-----------+----------------------+----------
         1 |   172,921         13 |   172,934 
           |      0.99       1.18 |      0.99 
-----------+----------------------+----------
     Total |17,419,734      1,098 |17,420,832 
           |    100.00     100.00 |    100.00 

+-------------------+
| Key               |
|-------------------|
|     frequency     |
| column percentage |
+-------------------+

           |   Failure/censoring
           |     indicator for
           |     outcome: ITU
    Kidney |       admission
   disease |         0          1 |     Total
-----------+----------------------+----------
         0 |16,549,062      1,049 |16,550,111 
           |     95.00      95.54 |     95.00 
-----------+----------------------+----------
         1 |   870,672         49 |   870,721 
           |      5.00       4.46 |      5.00 
-----------+----------------------+----------
     Total |17,419,734      1,098 |17,420,832 
           |    100.00     100.00 |    100.00 

+-------------------+
| Key               |
|-------------------|
|     frequency     |
| column percentage |
+-------------------+

           |   Failure/censoring
           |     indicator for
     Organ |     outcome: ITU
transplant |       admission
 recipient |         0          1 |     Total
-----------+----------------------+----------
         0 |17,399,534      1,088 |17,400,622 
           |     99.88      99.09 |     99.88 
-----------+----------------------+----------
         1 |    20,200         10 |    20,210 
           |      0.12       0.91 |      0.12 
-----------+----------------------+----------
     Total |17,419,734      1,098 |17,420,832 
           |    100.00     100.00 |    100.00 

+-------------------+
| Key               |
|-------------------|
|     frequency     |
| column percentage |
+-------------------+

    Spleen |   Failure/censoring
  problems |     indicator for
(dysplenia |     outcome: ITU
  , sickle |       admission
     cell) |         0          1 |     Total
-----------+----------------------+----------

***REDACTED DUE TO SMALL NUMBERS***


+-------------------+
| Key               |
|-------------------|
|     frequency     |
| column percentage |
+-------------------+

           |   Failure/censoring
  RA, SLE, |     indicator for
 Psoriasis |     outcome: ITU
(autoimmun |       admission
e disease) |         0          1 |     Total
-----------+----------------------+----------
         0 |16,533,483      1,011 |16,534,494 
           |     94.91      92.08 |     94.91 
-----------+----------------------+----------
         1 |   886,251         87 |   886,338 
           |      5.09       7.92 |      5.09 
-----------+----------------------+----------
     Total |17,419,734      1,098 |17,420,832 
           |    100.00     100.00 |    100.00 

+-------------------+
| Key               |
|-------------------|
|     frequency     |
| column percentage |
+-------------------+

           |   Failure/censoring
  Index of |     indicator for
  Multiple |     outcome: ITU
Deprivatio |       admission
   n (IMD) |         0          1 |     Total
-----------+----------------------+----------
         1 | 3,342,539        224 | 3,342,763 
           |     19.34      20.44 |     19.34 
-----------+----------------------+----------
         2 | 3,478,974        268 | 3,479,242 
           |     20.13      24.45 |     20.13 
-----------+----------------------+----------
         3 | 3,483,056        228 | 3,483,284 
           |     20.15      20.80 |     20.15 
-----------+----------------------+----------
         4 | 3,478,430        174 | 3,478,604 
           |     20.12      15.88 |     20.12 
-----------+----------------------+----------
         5 | 3,501,194        202 | 3,501,396 
           |     20.26      18.43 |     20.26 
-----------+----------------------+----------
     Total |17,284,193      1,096 |17,285,289 
           |    100.00     100.00 |    100.00 

+-------------------+
| Key               |
|-------------------|
|     frequency     |
| column percentage |
+-------------------+

            |   Failure/censoring
            |     indicator for
            |     outcome: ITU
            |       admission
  Ethnicity |         0          1 |     Total
------------+----------------------+----------
      White |10,960,439        613 |10,961,052 
            |     62.92      55.83 |     62.92 
------------+----------------------+----------
South Asian |   170,711         18 |   170,729 
            |      0.98       1.64 |      0.98 
------------+----------------------+----------
      Black | 1,028,680        133 | 1,028,813 
            |      5.91      12.11 |      5.91 
------------+----------------------+----------
      Other |   342,168         71 |   342,239 
            |      1.96       6.47 |      1.96 
------------+----------------------+----------
      Mixed |   320,871         44 |   320,915 
            |      1.84       4.01 |      1.84 
------------+----------------------+----------
          . | 4,596,865        219 | 4,597,084 
            |     26.39      19.95 |     26.39 
------------+----------------------+----------
      Total |17,419,734      1,098 |17,420,832 
            |    100.00     100.00 |    100.00 

. 
. 
. 
. * Close the log file
. log close
      name:  <unnamed>
       log:  E:\analyses\alex-tmp-repo-2\analysis\output/an_descriptive_tables
> .log
  log type:  text
 closed on:  24 Apr 2020, 07:06:54
------------------------------------------------------------------------------
